<?xml version="1.0" encoding="UTF-8"?>
<testng-results skipped="0" failed="0" ignored="0" total="3" passed="3">
  <reporter-output>
  </reporter-output>
  <suite name="prestashop" duration-ms="100373" started-at="2022-01-20T23:33:13 CET" finished-at="2022-01-20T23:34:54 CET">
    <groups>
    </groups>
    <test name="Testowanie funkcjonalnośći użytkownika_CHROME" duration-ms="98198" started-at="2022-01-20T23:33:13 CET" finished-at="2022-01-20T23:34:51 CET">
      <class name="Uzytkownik.tests.AllTests">
        <test-method status="PASS" signature="beforeClass()[pri:0, instance:Uzytkownik.tests.AllTests@63bde6c2]" name="beforeClass" is-config="true" duration-ms="42" started-at="2022-01-20T23:33:13 CET" finished-at="2022-01-20T23:33:13 CET">
          <reporter-output>
          </reporter-output>
        </test-method> <!-- beforeClass -->
        <test-method status="PASS" signature="beforeTest(driver.manager.BrowserType)[pri:0, instance:Uzytkownik.tests.AllTests@63bde6c2]" name="beforeTest" is-config="true" duration-ms="4598" started-at="2022-01-20T23:33:13 CET" finished-at="2022-01-20T23:33:18 CET">
          <params>
            <param index="0">
              <value>
                <![CDATA[CHROME]]>
              </value>
            </param>
          </params>
          <reporter-output>
          </reporter-output>
        </test-method> <!-- beforeTest -->
        <test-method status="PASS" signature="Test(java.lang.String, java.lang.String, java.lang.String, java.lang.String, java.lang.String)[pri:0, instance:Uzytkownik.tests.AllTests@63bde6c2]" name="Test" duration-ms="93311" started-at="2022-01-20T23:33:18 CET" finished-at="2022-01-20T23:34:51 CET">
          <params>
            <param index="0">
              <value>
                <![CDATA[test]]>
              </value>
            </param>
            <param index="1">
              <value>
                <![CDATA[test]]>
              </value>
            </param>
            <param index="2">
              <value>
                <![CDATA[test]]>
              </value>
            </param>
            <param index="3">
              <value>
                <![CDATA[haslo1234]]>
              </value>
            </param>
            <param index="4">
              <value>
                <![CDATA[CHROME]]>
              </value>
            </param>
          </params>
          <reporter-output>
          </reporter-output>
        </test-method> <!-- Test -->
        <test-method status="PASS" signature="afterTest()[pri:0, instance:Uzytkownik.tests.AllTests@63bde6c2]" name="afterTest" is-config="true" duration-ms="103" started-at="2022-01-20T23:34:51 CET" finished-at="2022-01-20T23:34:51 CET">
          <reporter-output>
          </reporter-output>
        </test-method> <!-- afterTest -->
      </class> <!-- Uzytkownik.tests.AllTests -->
    </test> <!-- Testowanie funkcjonalnośći użytkownika_CHROME -->
    <test name="Testowanie funkcjonalnośći użytkownika_FIREFOX" duration-ms="99685" started-at="2022-01-20T23:33:13 CET" finished-at="2022-01-20T23:34:53 CET">
      <class name="Uzytkownik.tests.AllTests">
        <test-method status="PASS" signature="beforeClass()[pri:0, instance:Uzytkownik.tests.AllTests@6b2e0f78]" name="beforeClass" is-config="true" duration-ms="42" started-at="2022-01-20T23:33:13 CET" finished-at="2022-01-20T23:33:13 CET">
          <reporter-output>
          </reporter-output>
        </test-method> <!-- beforeClass -->
        <test-method status="PASS" signature="beforeTest(driver.manager.BrowserType)[pri:0, instance:Uzytkownik.tests.AllTests@6b2e0f78]" name="beforeTest" is-config="true" duration-ms="5574" started-at="2022-01-20T23:33:13 CET" finished-at="2022-01-20T23:33:19 CET">
          <params>
            <param index="0">
              <value>
                <![CDATA[FIREFOX]]>
              </value>
            </param>
          </params>
          <reporter-output>
          </reporter-output>
        </test-method> <!-- beforeTest -->
        <test-method status="PASS" signature="Test(java.lang.String, java.lang.String, java.lang.String, java.lang.String, java.lang.String)[pri:0, instance:Uzytkownik.tests.AllTests@6b2e0f78]" name="Test" duration-ms="93652" started-at="2022-01-20T23:33:19 CET" finished-at="2022-01-20T23:34:52 CET">
          <params>
            <param index="0">
              <value>
                <![CDATA[test]]>
              </value>
            </param>
            <param index="1">
              <value>
                <![CDATA[test]]>
              </value>
            </param>
            <param index="2">
              <value>
                <![CDATA[test]]>
              </value>
            </param>
            <param index="3">
              <value>
                <![CDATA[haslo1234]]>
              </value>
            </param>
            <param index="4">
              <value>
                <![CDATA[FIREFOX]]>
              </value>
            </param>
          </params>
          <reporter-output>
          </reporter-output>
        </test-method> <!-- Test -->
        <test-method status="PASS" signature="afterTest()[pri:0, instance:Uzytkownik.tests.AllTests@6b2e0f78]" name="afterTest" is-config="true" duration-ms="379" started-at="2022-01-20T23:34:52 CET" finished-at="2022-01-20T23:34:53 CET">
          <reporter-output>
          </reporter-output>
        </test-method> <!-- afterTest -->
      </class> <!-- Uzytkownik.tests.AllTests -->
    </test> <!-- Testowanie funkcjonalnośći użytkownika_FIREFOX -->
    <test name="Testowanie funkcjonalnośći użytkownika_EDGE" duration-ms="100373" started-at="2022-01-20T23:33:13 CET" finished-at="2022-01-20T23:34:54 CET">
      <class name="Uzytkownik.tests.AllTests">
        <test-method status="PASS" signature="beforeClass()[pri:0, instance:Uzytkownik.tests.AllTests@6b0615ae]" name="beforeClass" is-config="true" duration-ms="42" started-at="2022-01-20T23:33:13 CET" finished-at="2022-01-20T23:33:13 CET">
          <reporter-output>
          </reporter-output>
        </test-method> <!-- beforeClass -->
        <test-method status="PASS" signature="beforeTest(driver.manager.BrowserType)[pri:0, instance:Uzytkownik.tests.AllTests@6b0615ae]" name="beforeTest" is-config="true" duration-ms="4688" started-at="2022-01-20T23:33:13 CET" finished-at="2022-01-20T23:33:18 CET">
          <params>
            <param index="0">
              <value>
                <![CDATA[EDGE]]>
              </value>
            </param>
          </params>
          <reporter-output>
          </reporter-output>
        </test-method> <!-- beforeTest -->
        <test-method status="PASS" signature="Test(java.lang.String, java.lang.String, java.lang.String, java.lang.String, java.lang.String)[pri:0, instance:Uzytkownik.tests.AllTests@6b0615ae]" name="Test" duration-ms="95411" started-at="2022-01-20T23:33:18 CET" finished-at="2022-01-20T23:34:53 CET">
          <params>
            <param index="0">
              <value>
                <![CDATA[test]]>
              </value>
            </param>
            <param index="1">
              <value>
                <![CDATA[test]]>
              </value>
            </param>
            <param index="2">
              <value>
                <![CDATA[test]]>
              </value>
            </param>
            <param index="3">
              <value>
                <![CDATA[haslo1234]]>
              </value>
            </param>
            <param index="4">
              <value>
                <![CDATA[EDGE]]>
              </value>
            </param>
          </params>
          <reporter-output>
          </reporter-output>
        </test-method> <!-- Test -->
        <test-method status="PASS" signature="afterTest()[pri:0, instance:Uzytkownik.tests.AllTests@6b0615ae]" name="afterTest" is-config="true" duration-ms="192" started-at="2022-01-20T23:34:53 CET" finished-at="2022-01-20T23:34:54 CET">
          <reporter-output>
          </reporter-output>
        </test-method> <!-- afterTest -->
      </class> <!-- Uzytkownik.tests.AllTests -->
    </test> <!-- Testowanie funkcjonalnośći użytkownika_EDGE -->
  </suite> <!-- prestashop -->
</testng-results>
