<?xml version="1.0" encoding="UTF-8"?>
<testsuite xmlns:xsi="http://www.w3.org/2001/XMLSchema-instance" xsi:noNamespaceSchemaLocation="https://maven.apache.org/surefire/maven-surefire-plugin/xsd/surefire-test-report.xsd" name="TestSuite" time="148.146" tests="3" errors="0" skipped="0" failures="0">
  <properties>
[...]
</properties>
  <testcase name="Test" classname="Uzytkownik.tests.AllTests" time="126.887"/>
  <testcase name="Test" classname="Uzytkownik.tests.AllTests" time="129.023"/>
  <testcase name="Test" classname="Uzytkownik.tests.AllTests" time="134.317"/>
</testsuite>