<?xml version="1.0" encoding="UTF-8"?>
<testsuite xmlns:xsi="http://www.w3.org/2001/XMLSchema-instance" xsi:noNamespaceSchemaLocation="https://maven.apache.org/surefire/maven-surefire-plugin/xsd/surefire-test-report-3.0.xsd" version="3.0" name="TestSuite" time="109.942" tests="3" errors="0" skipped="0" failures="1">
  <properties>
[...]
</properties>
  <testcase name="Test[test, test, test, haslo1234, EDGE](1)" classname="Uzytkownik.tests.AllTests" time="54.13">
    <failure message="no such element: Unable to locate element: {&quot;method&quot;:&quot;xpath&quot;,&quot;selector&quot;:&quot;//*[@id=&quot;delivery-address&quot;]/div/section/div[1]/div[1]/input&quot;}&#10;  (Session info: MicrosoftEdge=96.0.1054.62)&#10;For documentation on this error, please visit: https://selenium.dev/exceptions/#no_such_element&#10;Build info: version: &apos;4.1.0&apos;, revision: &apos;87802e897b&apos;&#10;System info: host: &apos;DESKTOP-SJPBECC&apos;, ip: &apos;192.168.1.20&apos;, os.name: &apos;Windows 10&apos;, os.arch: &apos;amd64&apos;, os.version: &apos;10.0&apos;, java.version: &apos;1.8.0_231&apos;&#10;Driver info: org.openqa.selenium.remote.RemoteWebDriver&#10;Command: [6e24f313cdaa665aac31b59a97854f78, findElement {using=xpath, value=//*[@id=&quot;delivery-address&quot;]/div/section/div[1]/div[1]/input}]&#10;Capabilities {acceptInsecureCerts: false, browserName: msedge, browserVersion: 96.0.1054.62, javascriptEnabled: true, ms:edgeOptions: {debuggerAddress: localhost:34149}, msedge: {msedgedriverVersion: 96.0.1054.62 (f97cb2ce0103f..., userDataDir: /tmp/.com.microsoft.Edge.ZI...}, networkConnectionEnabled: false, pageLoadStrategy: normal, platform: LINUX, platformName: LINUX, proxy: Proxy(), se:cdp: ws://172.18.0.4:4444/sessio..., se:cdpVersion: 96.0.1054.62, se:vnc: ws://172.18.0.4:4444/sessio..., se:vncEnabled: true, se:vncLocalAddress: ws://172.18.0.4:7900, setWindowRect: true, strictFileInteractability: false, timeouts: {implicit: 0, pageLoad: 300000, script: 30000}, unhandledPromptBehavior: dismiss and notify, webauthn:extension:credBlob: true, webauthn:extension:largeBlob: true, webauthn:virtualAuthenticators: true}&#10;Session ID: 6e24f313cdaa665aac31b59a97854f78" type="org.openqa.selenium.NoSuchElementException"><![CDATA[org.openqa.selenium.NoSuchElementException: 
no such element: Unable to locate element: {"method":"xpath","selector":"//*[@id="delivery-address"]/div/section/div[1]/div[1]/input"}
  (Session info: MicrosoftEdge=96.0.1054.62)
For documentation on this error, please visit: https://selenium.dev/exceptions/#no_such_element
Build info: version: '4.1.0', revision: '87802e897b'
System info: host: 'DESKTOP-SJPBECC', ip: '192.168.1.20', os.name: 'Windows 10', os.arch: 'amd64', os.version: '10.0', java.version: '1.8.0_231'
Driver info: org.openqa.selenium.remote.RemoteWebDriver
Command: [6e24f313cdaa665aac31b59a97854f78, findElement {using=xpath, value=//*[@id="delivery-address"]/div/section/div[1]/div[1]/input}]
Capabilities {acceptInsecureCerts: false, browserName: msedge, browserVersion: 96.0.1054.62, javascriptEnabled: true, ms:edgeOptions: {debuggerAddress: localhost:34149}, msedge: {msedgedriverVersion: 96.0.1054.62 (f97cb2ce0103f..., userDataDir: /tmp/.com.microsoft.Edge.ZI...}, networkConnectionEnabled: false, pageLoadStrategy: normal, platform: LINUX, platformName: LINUX, proxy: Proxy(), se:cdp: ws://172.18.0.4:4444/sessio..., se:cdpVersion: 96.0.1054.62, se:vnc: ws://172.18.0.4:4444/sessio..., se:vncEnabled: true, se:vncLocalAddress: ws://172.18.0.4:7900, setWindowRect: true, strictFileInteractability: false, timeouts: {implicit: 0, pageLoad: 300000, script: 30000}, unhandledPromptBehavior: dismiss and notify, webauthn:extension:credBlob: true, webauthn:extension:largeBlob: true, webauthn:virtualAuthenticators: true}
Session ID: 6e24f313cdaa665aac31b59a97854f78
	at Uzytkownik.tests.AllTests.Test(AllTests.java:51)
]]></failure>
    <system-out><![CDATA[[INFO ] 2022-02-14 22:17:55.178 [TestNG-tests-1] Uzytkownik.configuration.PropertiesLoader - Trying to load properties with file name: configuration.properties
[INFO ] 2022-02-14 22:17:55.178 [TestNG-tests-3] Uzytkownik.configuration.PropertiesLoader - Trying to load properties with file name: configuration.properties
[INFO ] 2022-02-14 22:17:55.178 [TestNG-tests-2] Uzytkownik.configuration.PropertiesLoader - Trying to load properties with file name: configuration.properties
[INFO ] 2022-02-14 22:17:55.183 [TestNG-tests-1] Uzytkownik.configuration.PropertiesLoader - Successfully loaded properties for file: configuration.properties
[INFO ] 2022-02-14 22:17:55.183 [TestNG-tests-2] Uzytkownik.configuration.PropertiesLoader - Successfully loaded properties for file: configuration.properties
[INFO ] 2022-02-14 22:17:55.183 [TestNG-tests-3] Uzytkownik.configuration.PropertiesLoader - Successfully loaded properties for file: configuration.properties
[INFO ] 2022-02-14 22:17:58.790 [TestNG-tests-2] driver.manager.listeners.DriverEventListener - Trying to navigate to https://prestashop.devrc.pl/
[INFO ] 2022-02-14 22:17:58.852 [TestNG-tests-1] driver.manager.listeners.DriverEventListener - Trying to navigate to https://prestashop.devrc.pl/
[INFO ] 2022-02-14 22:18:05.585 [TestNG-tests-1] driver.manager.listeners.DriverEventListener - Navigated to https://prestashop.devrc.pl/
[INFO ] 2022-02-14 22:18:05.651 [TestNG-tests-2] driver.manager.listeners.DriverEventListener - Navigated to https://prestashop.devrc.pl/
[INFO ] 2022-02-14 22:18:05.675 [TestNG-tests-1] Uzytkownik.utils.testng.listeners.TestListener - Starting test: Test
[INFO ] 2022-02-14 22:18:05.675 [TestNG-tests-2] Uzytkownik.utils.testng.listeners.TestListener - Starting test: Test
[INFO ] 2022-02-14 22:18:05.697 [TestNG-tests-2] driver.manager.listeners.DriverEventListener - Trying to navigate to https://prestashop.devrc.pl/
[INFO ] 2022-02-14 22:18:05.697 [TestNG-tests-1] driver.manager.listeners.DriverEventListener - Trying to navigate to https://prestashop.devrc.pl/
[INFO ] 2022-02-14 22:18:05.881 [TestNG-tests-1] driver.manager.listeners.DriverEventListener - Navigated to https://prestashop.devrc.pl/
[INFO ] 2022-02-14 22:18:05.918 [TestNG-tests-2] driver.manager.listeners.DriverEventListener - Navigated to https://prestashop.devrc.pl/
[INFO ] 2022-02-14 22:18:06.072 [TestNG-tests-2] driver.manager.listeners.DriverEventListener - Trying to find element with locator By.xpath: //*[@id="_desktop_logo"]/h1/a/img
[INFO ] 2022-02-14 22:18:06.072 [TestNG-tests-1] driver.manager.listeners.DriverEventListener - Trying to find element with locator By.xpath: //*[@id="_desktop_logo"]/h1/a/img
[INFO ] 2022-02-14 22:18:06.099 [TestNG-tests-2] driver.manager.listeners.DriverEventListener - Found element with locator By.xpath: //*[@id="_desktop_logo"]/h1/a/img
[INFO ] 2022-02-14 22:18:06.121 [TestNG-tests-2] driver.manager.listeners.DriverEventListener - Trying to click on element with tag name: img
[INFO ] 2022-02-14 22:18:06.472 [TestNG-tests-1] driver.manager.listeners.DriverEventListener - Found element with locator By.xpath: //*[@id="_desktop_logo"]/h1/a/img
[INFO ] 2022-02-14 22:18:06.480 [TestNG-tests-1] driver.manager.listeners.DriverEventListener - Trying to click on element with tag name: img
[INFO ] 2022-02-14 22:18:06.646 [TestNG-tests-3] driver.manager.listeners.DriverEventListener - Trying to navigate to https://prestashop.devrc.pl/
[INFO ] 2022-02-14 22:18:06.671 [TestNG-tests-2] driver.manager.listeners.DriverEventListener - Clicked on element
[INFO ] 2022-02-14 22:18:06.671 [TestNG-tests-2] Uzytkownik.page.objects.HomePage - Kliknięcie w zakładke 'my store'
[INFO ] 2022-02-14 22:18:06.675 [TestNG-tests-1] driver.manager.listeners.DriverEventListener - Clicked on element
[INFO ] 2022-02-14 22:18:06.675 [TestNG-tests-1] Uzytkownik.page.objects.HomePage - Kliknięcie w zakładke 'my store'
[INFO ] 2022-02-14 22:18:06.676 [TestNG-tests-2] driver.manager.listeners.DriverEventListener - Trying to find element with locator By.xpath: //*[@id="category-3"]/a
[INFO ] 2022-02-14 22:18:06.676 [TestNG-tests-1] driver.manager.listeners.DriverEventListener - Trying to find element with locator By.xpath: //*[@id="category-3"]/a
[INFO ] 2022-02-14 22:18:06.692 [TestNG-tests-2] driver.manager.listeners.DriverEventListener - Found element with locator By.xpath: //*[@id="category-3"]/a
[INFO ] 2022-02-14 22:18:06.692 [TestNG-tests-1] driver.manager.listeners.DriverEventListener - Found element with locator By.xpath: //*[@id="category-3"]/a
[INFO ] 2022-02-14 22:18:06.703 [TestNG-tests-2] driver.manager.listeners.DriverEventListener - Trying to click on element with tag name: a
[INFO ] 2022-02-14 22:18:06.703 [TestNG-tests-1] driver.manager.listeners.DriverEventListener - Trying to click on element with tag name: a
[INFO ] 2022-02-14 22:18:06.977 [TestNG-tests-2] driver.manager.listeners.DriverEventListener - Clicked on element
[INFO ] 2022-02-14 22:18:06.977 [TestNG-tests-2] Uzytkownik.page.objects.ClothesCategory - Kliknięcie w zakładke 'clothes'
[INFO ] 2022-02-14 22:18:06.980 [TestNG-tests-2] driver.manager.listeners.DriverEventListener - Trying to find element with locator By.xpath: //*[@id="category-6"]/a
[INFO ] 2022-02-14 22:18:07.263 [TestNG-tests-1] driver.manager.listeners.DriverEventListener - Clicked on element
[INFO ] 2022-02-14 22:18:07.263 [TestNG-tests-1] Uzytkownik.page.objects.ClothesCategory - Kliknięcie w zakładke 'clothes'
[INFO ] 2022-02-14 22:18:07.264 [TestNG-tests-1] driver.manager.listeners.DriverEventListener - Trying to find element with locator By.xpath: //*[@id="category-6"]/a
[INFO ] 2022-02-14 22:18:07.741 [TestNG-tests-2] driver.manager.listeners.DriverEventListener - Found element with locator By.xpath: //*[@id="category-6"]/a
[INFO ] 2022-02-14 22:18:07.741 [TestNG-tests-1] driver.manager.listeners.DriverEventListener - Found element with locator By.xpath: //*[@id="category-6"]/a
[INFO ] 2022-02-14 22:18:07.751 [TestNG-tests-1] driver.manager.listeners.DriverEventListener - Trying to click on element with tag name: a
[INFO ] 2022-02-14 22:18:07.755 [TestNG-tests-2] driver.manager.listeners.DriverEventListener - Trying to click on element with tag name: a
[INFO ] 2022-02-14 22:18:07.807 [TestNG-tests-3] driver.manager.listeners.DriverEventListener - Navigated to https://prestashop.devrc.pl/
[INFO ] 2022-02-14 22:18:07.809 [TestNG-tests-3] Uzytkownik.utils.testng.listeners.TestListener - Starting test: Test
[INFO ] 2022-02-14 22:18:07.810 [TestNG-tests-3] driver.manager.listeners.DriverEventListener - Trying to navigate to https://prestashop.devrc.pl/
[INFO ] 2022-02-14 22:18:08.032 [TestNG-tests-1] driver.manager.listeners.DriverEventListener - Clicked on element
[INFO ] 2022-02-14 22:18:08.032 [TestNG-tests-1] Uzytkownik.page.objects.ProductCategory - Kliknięcie w zakładke 'PRODUKTY POWIĄZANE'
[INFO ] 2022-02-14 22:18:08.037 [TestNG-tests-1] driver.manager.listeners.DriverEventListener - Trying to find element with locator By.xpath: //*[@id="category-9"]/a
[INFO ] 2022-02-14 22:18:08.065 [TestNG-tests-1] driver.manager.listeners.DriverEventListener - Found element with locator By.xpath: //*[@id="category-9"]/a
[INFO ] 2022-02-14 22:18:08.083 [TestNG-tests-1] driver.manager.listeners.DriverEventListener - Trying to click on element with tag name: a
[INFO ] 2022-02-14 22:18:08.085 [TestNG-tests-2] driver.manager.listeners.DriverEventListener - Clicked on element
[INFO ] 2022-02-14 22:18:08.086 [TestNG-tests-2] Uzytkownik.page.objects.ProductCategory - Kliknięcie w zakładke 'PRODUKTY POWIĄZANE'
[INFO ] 2022-02-14 22:18:08.086 [TestNG-tests-2] driver.manager.listeners.DriverEventListener - Trying to find element with locator By.xpath: //*[@id="category-9"]/a
[INFO ] 2022-02-14 22:18:08.105 [TestNG-tests-2] driver.manager.listeners.DriverEventListener - Found element with locator By.xpath: //*[@id="category-9"]/a
[INFO ] 2022-02-14 22:18:08.119 [TestNG-tests-2] driver.manager.listeners.DriverEventListener - Trying to click on element with tag name: a
[INFO ] 2022-02-14 22:18:08.119 [TestNG-tests-3] driver.manager.listeners.DriverEventListener - Navigated to https://prestashop.devrc.pl/
[INFO ] 2022-02-14 22:18:08.120 [TestNG-tests-3] driver.manager.listeners.DriverEventListener - Trying to find element with locator By.xpath: //*[@id="_desktop_logo"]/h1/a/img
[INFO ] 2022-02-14 22:18:08.157 [TestNG-tests-3] driver.manager.listeners.DriverEventListener - Found element with locator By.xpath: //*[@id="_desktop_logo"]/h1/a/img
[INFO ] 2022-02-14 22:18:08.178 [TestNG-tests-3] driver.manager.listeners.DriverEventListener - Trying to click on element with tag name: img
[INFO ] 2022-02-14 22:18:08.346 [TestNG-tests-1] driver.manager.listeners.DriverEventListener - Clicked on element
[INFO ] 2022-02-14 22:18:08.346 [TestNG-tests-1] Uzytkownik.page.objects.ArtCategory - Kliknięcie w zakładke 'ART'
[INFO ] 2022-02-14 22:18:08.354 [TestNG-tests-1] driver.manager.listeners.DriverEventListener - Trying to find element with locator By.xpath: //*[@id="search_widget"]/form/input[2]
[INFO ] 2022-02-14 22:18:08.378 [TestNG-tests-1] driver.manager.listeners.DriverEventListener - Found element with locator By.xpath: //*[@id="search_widget"]/form/input[2]
[INFO ] 2022-02-14 22:18:08.389 [TestNG-tests-1] driver.manager.listeners.DriverEventListener - Trying to enter empty string or clear element: input
[INFO ] 2022-02-14 22:18:08.395 [TestNG-tests-2] driver.manager.listeners.DriverEventListener - Clicked on element
[INFO ] 2022-02-14 22:18:08.395 [TestNG-tests-2] Uzytkownik.page.objects.ArtCategory - Kliknięcie w zakładke 'ART'
[INFO ] 2022-02-14 22:18:08.397 [TestNG-tests-2] driver.manager.listeners.DriverEventListener - Trying to find element with locator By.xpath: //*[@id="search_widget"]/form/input[2]
[INFO ] 2022-02-14 22:18:08.414 [TestNG-tests-2] driver.manager.listeners.DriverEventListener - Found element with locator By.xpath: //*[@id="search_widget"]/form/input[2]
[INFO ] 2022-02-14 22:18:08.423 [TestNG-tests-2] driver.manager.listeners.DriverEventListener - Trying to enter empty string or clear element: input
[INFO ] 2022-02-14 22:18:08.427 [TestNG-tests-1] driver.manager.listeners.DriverEventListener - Entered empty string or cleared element: input
[INFO ] 2022-02-14 22:18:08.428 [TestNG-tests-1] driver.manager.listeners.DriverEventListener - Trying to find element with locator By.xpath: //*[@id="search_widget"]/form/input[2]
[INFO ] 2022-02-14 22:18:08.442 [TestNG-tests-1] driver.manager.listeners.DriverEventListener - Found element with locator By.xpath: //*[@id="search_widget"]/form/input[2]
[INFO ] 2022-02-14 22:18:08.455 [TestNG-tests-1] driver.manager.listeners.DriverEventListener - Trying to type into element: input text [T-shirt]
[INFO ] 2022-02-14 22:18:08.463 [TestNG-tests-3] driver.manager.listeners.DriverEventListener - Clicked on element
[INFO ] 2022-02-14 22:18:08.464 [TestNG-tests-3] Uzytkownik.page.objects.HomePage - Kliknięcie w zakładke 'my store'
[INFO ] 2022-02-14 22:18:08.464 [TestNG-tests-3] driver.manager.listeners.DriverEventListener - Trying to find element with locator By.xpath: //*[@id="category-3"]/a
[INFO ] 2022-02-14 22:18:08.467 [TestNG-tests-2] driver.manager.listeners.DriverEventListener - Entered empty string or cleared element: input
[INFO ] 2022-02-14 22:18:08.467 [TestNG-tests-2] driver.manager.listeners.DriverEventListener - Trying to find element with locator By.xpath: //*[@id="search_widget"]/form/input[2]
[INFO ] 2022-02-14 22:18:08.489 [TestNG-tests-2] driver.manager.listeners.DriverEventListener - Found element with locator By.xpath: //*[@id="search_widget"]/form/input[2]
[INFO ] 2022-02-14 22:18:08.534 [TestNG-tests-1] driver.manager.listeners.DriverEventListener - Typed into element: input text [T-shirt]
[INFO ] 2022-02-14 22:18:08.534 [TestNG-tests-1] Uzytkownik.page.objects.ProductSearch - Wpisujemy w pole wyszukiwania 'T-shirt'
[INFO ] 2022-02-14 22:18:08.534 [TestNG-tests-1] driver.manager.listeners.DriverEventListener - Trying to find element with locator By.xpath: //*[@id="search_widget"]/form/button/i
[INFO ] 2022-02-14 22:18:08.545 [TestNG-tests-2] driver.manager.listeners.DriverEventListener - Trying to type into element: input text [T-shirt]
[INFO ] 2022-02-14 22:18:08.556 [TestNG-tests-1] driver.manager.listeners.DriverEventListener - Found element with locator By.xpath: //*[@id="search_widget"]/form/button/i
[INFO ] 2022-02-14 22:18:08.592 [TestNG-tests-1] driver.manager.listeners.DriverEventListener - Trying to click on element with tag name: i
[INFO ] 2022-02-14 22:18:08.635 [TestNG-tests-3] driver.manager.listeners.DriverEventListener - Found element with locator By.xpath: //*[@id="category-3"]/a
[INFO ] 2022-02-14 22:18:08.635 [TestNG-tests-2] driver.manager.listeners.DriverEventListener - Typed into element: input text [T-shirt]
[INFO ] 2022-02-14 22:18:08.635 [TestNG-tests-2] Uzytkownik.page.objects.ProductSearch - Wpisujemy w pole wyszukiwania 'T-shirt'
[INFO ] 2022-02-14 22:18:08.635 [TestNG-tests-2] driver.manager.listeners.DriverEventListener - Trying to find element with locator By.xpath: //*[@id="search_widget"]/form/button/i
[INFO ] 2022-02-14 22:18:08.671 [TestNG-tests-3] driver.manager.listeners.DriverEventListener - Trying to click on element with tag name: a
[INFO ] 2022-02-14 22:18:08.671 [TestNG-tests-2] driver.manager.listeners.DriverEventListener - Found element with locator By.xpath: //*[@id="search_widget"]/form/button/i
[INFO ] 2022-02-14 22:18:08.685 [TestNG-tests-2] driver.manager.listeners.DriverEventListener - Trying to click on element with tag name: i
[INFO ] 2022-02-14 22:18:08.776 [TestNG-tests-1] driver.manager.listeners.DriverEventListener - Clicked on element
[INFO ] 2022-02-14 22:18:08.776 [TestNG-tests-1] Uzytkownik.page.objects.ProductSearch - Kliknięcie w przycisk wyszukaj 
[INFO ] 2022-02-14 22:18:08.850 [TestNG-tests-3] driver.manager.listeners.DriverEventListener - Clicked on element
[INFO ] 2022-02-14 22:18:08.850 [TestNG-tests-3] Uzytkownik.page.objects.ClothesCategory - Kliknięcie w zakładke 'clothes'
[INFO ] 2022-02-14 22:18:08.851 [TestNG-tests-3] driver.manager.listeners.DriverEventListener - Trying to find element with locator By.xpath: //*[@id="category-6"]/a
[INFO ] 2022-02-14 22:18:08.864 [TestNG-tests-3] driver.manager.listeners.DriverEventListener - Found element with locator By.xpath: //*[@id="category-6"]/a
[INFO ] 2022-02-14 22:18:08.876 [TestNG-tests-3] driver.manager.listeners.DriverEventListener - Trying to click on element with tag name: a
[INFO ] 2022-02-14 22:18:08.883 [TestNG-tests-2] driver.manager.listeners.DriverEventListener - Clicked on element
[INFO ] 2022-02-14 22:18:08.883 [TestNG-tests-2] Uzytkownik.page.objects.ProductSearch - Kliknięcie w przycisk wyszukaj 
[INFO ] 2022-02-14 22:18:09.076 [TestNG-tests-3] driver.manager.listeners.DriverEventListener - Clicked on element
[INFO ] 2022-02-14 22:18:09.076 [TestNG-tests-3] Uzytkownik.page.objects.ProductCategory - Kliknięcie w zakładke 'PRODUKTY POWIĄZANE'
[INFO ] 2022-02-14 22:18:09.076 [TestNG-tests-3] driver.manager.listeners.DriverEventListener - Trying to find element with locator By.xpath: //*[@id="category-9"]/a
[INFO ] 2022-02-14 22:18:09.086 [TestNG-tests-3] driver.manager.listeners.DriverEventListener - Found element with locator By.xpath: //*[@id="category-9"]/a
[INFO ] 2022-02-14 22:18:09.098 [TestNG-tests-3] driver.manager.listeners.DriverEventListener - Trying to click on element with tag name: a
[INFO ] 2022-02-14 22:18:09.324 [TestNG-tests-3] driver.manager.listeners.DriverEventListener - Clicked on element
[INFO ] 2022-02-14 22:18:09.324 [TestNG-tests-3] Uzytkownik.page.objects.ArtCategory - Kliknięcie w zakładke 'ART'
[INFO ] 2022-02-14 22:18:09.325 [TestNG-tests-3] driver.manager.listeners.DriverEventListener - Trying to find element with locator By.xpath: //*[@id="search_widget"]/form/input[2]
[INFO ] 2022-02-14 22:18:09.338 [TestNG-tests-3] driver.manager.listeners.DriverEventListener - Found element with locator By.xpath: //*[@id="search_widget"]/form/input[2]
[INFO ] 2022-02-14 22:18:09.354 [TestNG-tests-3] driver.manager.listeners.DriverEventListener - Trying to enter empty string or clear element: input
[INFO ] 2022-02-14 22:18:09.369 [TestNG-tests-3] driver.manager.listeners.DriverEventListener - Entered empty string or cleared element: input
[INFO ] 2022-02-14 22:18:09.370 [TestNG-tests-3] driver.manager.listeners.DriverEventListener - Trying to find element with locator By.xpath: //*[@id="search_widget"]/form/input[2]
[INFO ] 2022-02-14 22:18:09.377 [TestNG-tests-3] driver.manager.listeners.DriverEventListener - Found element with locator By.xpath: //*[@id="search_widget"]/form/input[2]
[INFO ] 2022-02-14 22:18:09.385 [TestNG-tests-3] driver.manager.listeners.DriverEventListener - Trying to type into element: input text [T-shirt]
[INFO ] 2022-02-14 22:18:09.415 [TestNG-tests-3] driver.manager.listeners.DriverEventListener - Typed into element: input text [T-shirt]
[INFO ] 2022-02-14 22:18:09.415 [TestNG-tests-3] Uzytkownik.page.objects.ProductSearch - Wpisujemy w pole wyszukiwania 'T-shirt'
[INFO ] 2022-02-14 22:18:09.415 [TestNG-tests-3] driver.manager.listeners.DriverEventListener - Trying to find element with locator By.xpath: //*[@id="search_widget"]/form/button/i
[INFO ] 2022-02-14 22:18:09.422 [TestNG-tests-3] driver.manager.listeners.DriverEventListener - Found element with locator By.xpath: //*[@id="search_widget"]/form/button/i
[INFO ] 2022-02-14 22:18:09.428 [TestNG-tests-3] driver.manager.listeners.DriverEventListener - Trying to click on element with tag name: i
[INFO ] 2022-02-14 22:18:09.612 [TestNG-tests-3] driver.manager.listeners.DriverEventListener - Clicked on element
[INFO ] 2022-02-14 22:18:09.612 [TestNG-tests-3] Uzytkownik.page.objects.ProductSearch - Kliknięcie w przycisk wyszukaj 
[INFO ] 2022-02-14 22:18:13.785 [TestNG-tests-1] driver.manager.listeners.DriverEventListener - Trying to find element with locator By.xpath: //*[@id="_desktop_user_info"]/div/a/span
[INFO ] 2022-02-14 22:18:13.797 [TestNG-tests-1] driver.manager.listeners.DriverEventListener - Found element with locator By.xpath: //*[@id="_desktop_user_info"]/div/a/span
[INFO ] 2022-02-14 22:18:13.805 [TestNG-tests-1] driver.manager.listeners.DriverEventListener - Trying to click on element with tag name: span
[INFO ] 2022-02-14 22:18:13.893 [TestNG-tests-2] driver.manager.listeners.DriverEventListener - Trying to find element with locator By.xpath: //*[@id="_desktop_user_info"]/div/a/span
[INFO ] 2022-02-14 22:18:13.906 [TestNG-tests-2] driver.manager.listeners.DriverEventListener - Found element with locator By.xpath: //*[@id="_desktop_user_info"]/div/a/span
[INFO ] 2022-02-14 22:18:13.913 [TestNG-tests-2] driver.manager.listeners.DriverEventListener - Trying to click on element with tag name: span
[INFO ] 2022-02-14 22:18:13.958 [TestNG-tests-1] driver.manager.listeners.DriverEventListener - Clicked on element
[INFO ] 2022-02-14 22:18:13.958 [TestNG-tests-1] Uzytkownik.page.objects.UserRegistration - Przejśćie do logowania
[INFO ] 2022-02-14 22:18:14.090 [TestNG-tests-2] driver.manager.listeners.DriverEventListener - Clicked on element
[INFO ] 2022-02-14 22:18:14.090 [TestNG-tests-2] Uzytkownik.page.objects.UserRegistration - Przejśćie do logowania
[INFO ] 2022-02-14 22:18:14.618 [TestNG-tests-3] driver.manager.listeners.DriverEventListener - Trying to find element with locator By.xpath: //*[@id="_desktop_user_info"]/div/a/span
[INFO ] 2022-02-14 22:18:14.625 [TestNG-tests-3] driver.manager.listeners.DriverEventListener - Found element with locator By.xpath: //*[@id="_desktop_user_info"]/div/a/span
[INFO ] 2022-02-14 22:18:14.631 [TestNG-tests-3] driver.manager.listeners.DriverEventListener - Trying to click on element with tag name: span
[INFO ] 2022-02-14 22:18:14.785 [TestNG-tests-3] driver.manager.listeners.DriverEventListener - Clicked on element
[INFO ] 2022-02-14 22:18:14.785 [TestNG-tests-3] Uzytkownik.page.objects.UserRegistration - Przejśćie do logowania
[INFO ] 2022-02-14 22:18:18.959 [TestNG-tests-1] driver.manager.listeners.DriverEventListener - Trying to find element with locator By.xpath: //a[contains(text(),'Nie masz konta? Załóż je tutaj')]
[INFO ] 2022-02-14 22:18:18.971 [TestNG-tests-1] driver.manager.listeners.DriverEventListener - Found element with locator By.xpath: //a[contains(text(),'Nie masz konta? Załóż je tutaj')]
[INFO ] 2022-02-14 22:18:18.978 [TestNG-tests-1] driver.manager.listeners.DriverEventListener - Trying to click on element with tag name: a
[INFO ] 2022-02-14 22:18:19.097 [TestNG-tests-2] driver.manager.listeners.DriverEventListener - Trying to find element with locator By.xpath: //a[contains(text(),'Nie masz konta? Załóż je tutaj')]
[INFO ] 2022-02-14 22:18:19.114 [TestNG-tests-2] driver.manager.listeners.DriverEventListener - Found element with locator By.xpath: //a[contains(text(),'Nie masz konta? Załóż je tutaj')]
[INFO ] 2022-02-14 22:18:19.122 [TestNG-tests-2] driver.manager.listeners.DriverEventListener - Trying to click on element with tag name: a
[INFO ] 2022-02-14 22:18:19.248 [TestNG-tests-1] driver.manager.listeners.DriverEventListener - Clicked on element
[INFO ] 2022-02-14 22:18:19.248 [TestNG-tests-1] Uzytkownik.page.objects.UserRegistration - Przejśćie do rejestracji
[INFO ] 2022-02-14 22:18:19.402 [TestNG-tests-2] driver.manager.listeners.DriverEventListener - Clicked on element
[INFO ] 2022-02-14 22:18:19.402 [TestNG-tests-2] Uzytkownik.page.objects.UserRegistration - Przejśćie do rejestracji
[INFO ] 2022-02-14 22:18:19.792 [TestNG-tests-3] driver.manager.listeners.DriverEventListener - Trying to find element with locator By.xpath: //a[contains(text(),'Nie masz konta? Załóż je tutaj')]
[INFO ] 2022-02-14 22:18:19.799 [TestNG-tests-3] driver.manager.listeners.DriverEventListener - Found element with locator By.xpath: //a[contains(text(),'Nie masz konta? Załóż je tutaj')]
[INFO ] 2022-02-14 22:18:19.806 [TestNG-tests-3] driver.manager.listeners.DriverEventListener - Trying to click on element with tag name: a
[INFO ] 2022-02-14 22:18:20.100 [TestNG-tests-3] driver.manager.listeners.DriverEventListener - Clicked on element
[INFO ] 2022-02-14 22:18:20.100 [TestNG-tests-3] Uzytkownik.page.objects.UserRegistration - Przejśćie do rejestracji
[INFO ] 2022-02-14 22:18:24.258 [TestNG-tests-1] driver.manager.listeners.DriverEventListener - Trying to find element with locator By.xpath: //body/main[1]/section[1]/div[1]/div[1]/section[1]/section[1]/section[1]/form[1]/section[1]/div[1]/div[1]/label[1]
[INFO ] 2022-02-14 22:18:24.271 [TestNG-tests-1] driver.manager.listeners.DriverEventListener - Found element with locator By.xpath: //body/main[1]/section[1]/div[1]/div[1]/section[1]/section[1]/section[1]/form[1]/section[1]/div[1]/div[1]/label[1]
[INFO ] 2022-02-14 22:18:24.278 [TestNG-tests-1] driver.manager.listeners.DriverEventListener - Trying to click on element with tag name: label
[INFO ] 2022-02-14 22:18:24.306 [TestNG-tests-1] driver.manager.listeners.DriverEventListener - Clicked on element
[INFO ] 2022-02-14 22:18:24.306 [TestNG-tests-1] Uzytkownik.page.objects.UserRegistration - Wybór pola 'Nazwa kontaktu' -> 'Pan'
[INFO ] 2022-02-14 22:18:24.306 [TestNG-tests-1] driver.manager.listeners.DriverEventListener - Trying to find element with locator By.xpath: //*[@id="customer-form"]/section/div[2]/div[1]/input
[INFO ] 2022-02-14 22:18:24.318 [TestNG-tests-1] driver.manager.listeners.DriverEventListener - Found element with locator By.xpath: //*[@id="customer-form"]/section/div[2]/div[1]/input
[INFO ] 2022-02-14 22:18:24.325 [TestNG-tests-1] driver.manager.listeners.DriverEventListener - Trying to enter empty string or clear element: input
[INFO ] 2022-02-14 22:18:24.356 [TestNG-tests-1] driver.manager.listeners.DriverEventListener - Entered empty string or cleared element: input
[INFO ] 2022-02-14 22:18:24.356 [TestNG-tests-1] driver.manager.listeners.DriverEventListener - Trying to find element with locator By.xpath: //*[@id="customer-form"]/section/div[2]/div[1]/input
[INFO ] 2022-02-14 22:18:24.365 [TestNG-tests-1] driver.manager.listeners.DriverEventListener - Found element with locator By.xpath: //*[@id="customer-form"]/section/div[2]/div[1]/input
[INFO ] 2022-02-14 22:18:24.371 [TestNG-tests-1] driver.manager.listeners.DriverEventListener - Trying to type into element: input text [Jan]
[INFO ] 2022-02-14 22:18:24.408 [TestNG-tests-1] driver.manager.listeners.DriverEventListener - Typed into element: input text [Jan]
[INFO ] 2022-02-14 22:18:24.408 [TestNG-tests-1] Uzytkownik.page.objects.UserRegistration - Wpisujemy w pole 'Imię'
[INFO ] 2022-02-14 22:18:24.408 [TestNG-tests-1] driver.manager.listeners.DriverEventListener - Trying to find element with locator By.xpath: //*[@id="customer-form"]/section/div[3]/div[1]/input
[INFO ] 2022-02-14 22:18:24.412 [TestNG-tests-2] driver.manager.listeners.DriverEventListener - Trying to find element with locator By.xpath: //body/main[1]/section[1]/div[1]/div[1]/section[1]/section[1]/section[1]/form[1]/section[1]/div[1]/div[1]/label[1]
[INFO ] 2022-02-14 22:18:24.428 [TestNG-tests-1] driver.manager.listeners.DriverEventListener - Found element with locator By.xpath: //*[@id="customer-form"]/section/div[3]/div[1]/input
[INFO ] 2022-02-14 22:18:24.428 [TestNG-tests-2] driver.manager.listeners.DriverEventListener - Found element with locator By.xpath: //body/main[1]/section[1]/div[1]/div[1]/section[1]/section[1]/section[1]/form[1]/section[1]/div[1]/div[1]/label[1]
[INFO ] 2022-02-14 22:18:24.440 [TestNG-tests-1] driver.manager.listeners.DriverEventListener - Trying to enter empty string or clear element: input
[INFO ] 2022-02-14 22:18:24.440 [TestNG-tests-2] driver.manager.listeners.DriverEventListener - Trying to click on element with tag name: label
[INFO ] 2022-02-14 22:18:24.474 [TestNG-tests-1] driver.manager.listeners.DriverEventListener - Entered empty string or cleared element: input
[INFO ] 2022-02-14 22:18:24.474 [TestNG-tests-1] driver.manager.listeners.DriverEventListener - Trying to find element with locator By.xpath: //*[@id="customer-form"]/section/div[3]/div[1]/input
[INFO ] 2022-02-14 22:18:24.477 [TestNG-tests-2] driver.manager.listeners.DriverEventListener - Clicked on element
[INFO ] 2022-02-14 22:18:24.477 [TestNG-tests-2] Uzytkownik.page.objects.UserRegistration - Wybór pola 'Nazwa kontaktu' -> 'Pan'
[INFO ] 2022-02-14 22:18:24.477 [TestNG-tests-2] driver.manager.listeners.DriverEventListener - Trying to find element with locator By.xpath: //*[@id="customer-form"]/section/div[2]/div[1]/input
[INFO ] 2022-02-14 22:18:24.484 [TestNG-tests-1] driver.manager.listeners.DriverEventListener - Found element with locator By.xpath: //*[@id="customer-form"]/section/div[3]/div[1]/input
[INFO ] 2022-02-14 22:18:24.490 [TestNG-tests-1] driver.manager.listeners.DriverEventListener - Trying to type into element: input text [Kowalski]
[INFO ] 2022-02-14 22:18:24.490 [TestNG-tests-2] driver.manager.listeners.DriverEventListener - Found element with locator By.xpath: //*[@id="customer-form"]/section/div[2]/div[1]/input
[INFO ] 2022-02-14 22:18:24.498 [TestNG-tests-2] driver.manager.listeners.DriverEventListener - Trying to enter empty string or clear element: input
[INFO ] 2022-02-14 22:18:24.538 [TestNG-tests-1] driver.manager.listeners.DriverEventListener - Typed into element: input text [Kowalski]
[INFO ] 2022-02-14 22:18:24.538 [TestNG-tests-1] Uzytkownik.page.objects.UserRegistration - Wpisujemy w pole 'Nazwisko'
[INFO ] 2022-02-14 22:18:24.538 [TestNG-tests-1] driver.manager.listeners.DriverEventListener - Trying to find element with locator By.xpath: //*[@id="customer-form"]/section/div[4]/div[1]/input
[INFO ] 2022-02-14 22:18:24.544 [TestNG-tests-2] driver.manager.listeners.DriverEventListener - Entered empty string or cleared element: input
[INFO ] 2022-02-14 22:18:24.544 [TestNG-tests-2] driver.manager.listeners.DriverEventListener - Trying to find element with locator By.xpath: //*[@id="customer-form"]/section/div[2]/div[1]/input
[INFO ] 2022-02-14 22:18:24.553 [TestNG-tests-1] driver.manager.listeners.DriverEventListener - Found element with locator By.xpath: //*[@id="customer-form"]/section/div[4]/div[1]/input
[INFO ] 2022-02-14 22:18:24.555 [TestNG-tests-2] driver.manager.listeners.DriverEventListener - Found element with locator By.xpath: //*[@id="customer-form"]/section/div[2]/div[1]/input
[INFO ] 2022-02-14 22:18:24.562 [TestNG-tests-2] driver.manager.listeners.DriverEventListener - Trying to type into element: input text [Jan]
[INFO ] 2022-02-14 22:18:24.562 [TestNG-tests-1] driver.manager.listeners.DriverEventListener - Trying to enter empty string or clear element: input
[INFO ] 2022-02-14 22:18:24.594 [TestNG-tests-1] driver.manager.listeners.DriverEventListener - Entered empty string or cleared element: input
[INFO ] 2022-02-14 22:18:24.594 [TestNG-tests-1] driver.manager.listeners.DriverEventListener - Trying to find element with locator By.xpath: //*[@id="customer-form"]/section/div[4]/div[1]/input
[INFO ] 2022-02-14 22:18:24.603 [TestNG-tests-1] driver.manager.listeners.DriverEventListener - Found element with locator By.xpath: //*[@id="customer-form"]/section/div[4]/div[1]/input
[INFO ] 2022-02-14 22:18:24.605 [TestNG-tests-2] driver.manager.listeners.DriverEventListener - Typed into element: input text [Jan]
[INFO ] 2022-02-14 22:18:24.605 [TestNG-tests-2] Uzytkownik.page.objects.UserRegistration - Wpisujemy w pole 'Imię'
[INFO ] 2022-02-14 22:18:24.605 [TestNG-tests-2] driver.manager.listeners.DriverEventListener - Trying to find element with locator By.xpath: //*[@id="customer-form"]/section/div[3]/div[1]/input
[INFO ] 2022-02-14 22:18:24.613 [TestNG-tests-1] driver.manager.listeners.DriverEventListener - Trying to type into element: input text [Ireneusz297@gamil.com]
[INFO ] 2022-02-14 22:18:24.620 [TestNG-tests-2] driver.manager.listeners.DriverEventListener - Found element with locator By.xpath: //*[@id="customer-form"]/section/div[3]/div[1]/input
[INFO ] 2022-02-14 22:18:24.630 [TestNG-tests-2] driver.manager.listeners.DriverEventListener - Trying to enter empty string or clear element: input
[INFO ] 2022-02-14 22:18:24.666 [TestNG-tests-2] driver.manager.listeners.DriverEventListener - Entered empty string or cleared element: input
[INFO ] 2022-02-14 22:18:24.666 [TestNG-tests-2] driver.manager.listeners.DriverEventListener - Trying to find element with locator By.xpath: //*[@id="customer-form"]/section/div[3]/div[1]/input
[INFO ] 2022-02-14 22:18:24.667 [TestNG-tests-1] driver.manager.listeners.DriverEventListener - Typed into element: input text [Ireneusz297@gamil.com]
[INFO ] 2022-02-14 22:18:24.667 [TestNG-tests-1] Uzytkownik.page.objects.UserRegistration - Wpisujemy w pole 'E-mail'
[INFO ] 2022-02-14 22:18:24.667 [TestNG-tests-1] driver.manager.listeners.DriverEventListener - Trying to find element with locator By.xpath: //*[@id="customer-form"]/section/div[5]/div[1]/div/input
[INFO ] 2022-02-14 22:18:24.675 [TestNG-tests-2] driver.manager.listeners.DriverEventListener - Found element with locator By.xpath: //*[@id="customer-form"]/section/div[3]/div[1]/input
[INFO ] 2022-02-14 22:18:24.679 [TestNG-tests-1] driver.manager.listeners.DriverEventListener - Found element with locator By.xpath: //*[@id="customer-form"]/section/div[5]/div[1]/div/input
[INFO ] 2022-02-14 22:18:24.681 [TestNG-tests-2] driver.manager.listeners.DriverEventListener - Trying to type into element: input text [Kowalski]
[INFO ] 2022-02-14 22:18:24.685 [TestNG-tests-1] driver.manager.listeners.DriverEventListener - Trying to enter empty string or clear element: input
[INFO ] 2022-02-14 22:18:24.729 [TestNG-tests-1] driver.manager.listeners.DriverEventListener - Entered empty string or cleared element: input
[INFO ] 2022-02-14 22:18:24.729 [TestNG-tests-1] driver.manager.listeners.DriverEventListener - Trying to find element with locator By.xpath: //*[@id="customer-form"]/section/div[5]/div[1]/div/input
[INFO ] 2022-02-14 22:18:24.740 [TestNG-tests-2] driver.manager.listeners.DriverEventListener - Typed into element: input text [Kowalski]
[INFO ] 2022-02-14 22:18:24.740 [TestNG-tests-1] driver.manager.listeners.DriverEventListener - Found element with locator By.xpath: //*[@id="customer-form"]/section/div[5]/div[1]/div/input
[INFO ] 2022-02-14 22:18:24.740 [TestNG-tests-2] Uzytkownik.page.objects.UserRegistration - Wpisujemy w pole 'Nazwisko'
[INFO ] 2022-02-14 22:18:24.740 [TestNG-tests-2] driver.manager.listeners.DriverEventListener - Trying to find element with locator By.xpath: //*[@id="customer-form"]/section/div[4]/div[1]/input
[INFO ] 2022-02-14 22:18:24.748 [TestNG-tests-1] driver.manager.listeners.DriverEventListener - Trying to type into element: input text [haslo1234]
[INFO ] 2022-02-14 22:18:24.756 [TestNG-tests-2] driver.manager.listeners.DriverEventListener - Found element with locator By.xpath: //*[@id="customer-form"]/section/div[4]/div[1]/input
[INFO ] 2022-02-14 22:18:24.766 [TestNG-tests-2] driver.manager.listeners.DriverEventListener - Trying to enter empty string or clear element: input
[INFO ] 2022-02-14 22:18:24.793 [TestNG-tests-1] driver.manager.listeners.DriverEventListener - Typed into element: input text [haslo1234]
[INFO ] 2022-02-14 22:18:24.793 [TestNG-tests-1] Uzytkownik.page.objects.UserRegistration - Wpisujemy w pole 'Hasło'
[INFO ] 2022-02-14 22:18:24.793 [TestNG-tests-1] driver.manager.listeners.DriverEventListener - Trying to find element with locator By.xpath: //*[@id="customer-form"]/section/div[6]/div[1]/input
[INFO ] 2022-02-14 22:18:24.800 [TestNG-tests-2] driver.manager.listeners.DriverEventListener - Entered empty string or cleared element: input
[INFO ] 2022-02-14 22:18:24.800 [TestNG-tests-2] driver.manager.listeners.DriverEventListener - Trying to find element with locator By.xpath: //*[@id="customer-form"]/section/div[4]/div[1]/input
[INFO ] 2022-02-14 22:18:24.805 [TestNG-tests-1] driver.manager.listeners.DriverEventListener - Found element with locator By.xpath: //*[@id="customer-form"]/section/div[6]/div[1]/input
[INFO ] 2022-02-14 22:18:24.813 [TestNG-tests-2] driver.manager.listeners.DriverEventListener - Found element with locator By.xpath: //*[@id="customer-form"]/section/div[4]/div[1]/input
[INFO ] 2022-02-14 22:18:24.813 [TestNG-tests-1] driver.manager.listeners.DriverEventListener - Trying to enter empty string or clear element: input
[INFO ] 2022-02-14 22:18:24.825 [TestNG-tests-2] driver.manager.listeners.DriverEventListener - Trying to type into element: input text [Henryka297@gamil.com]
[INFO ] 2022-02-14 22:18:24.848 [TestNG-tests-1] driver.manager.listeners.DriverEventListener - Entered empty string or cleared element: input
[INFO ] 2022-02-14 22:18:24.848 [TestNG-tests-1] driver.manager.listeners.DriverEventListener - Trying to find element with locator By.xpath: //*[@id="customer-form"]/section/div[6]/div[1]/input
[INFO ] 2022-02-14 22:18:24.858 [TestNG-tests-1] driver.manager.listeners.DriverEventListener - Found element with locator By.xpath: //*[@id="customer-form"]/section/div[6]/div[1]/input
[INFO ] 2022-02-14 22:18:24.865 [TestNG-tests-1] driver.manager.listeners.DriverEventListener - Trying to type into element: input text [1970-05-31]
[INFO ] 2022-02-14 22:18:24.884 [TestNG-tests-2] driver.manager.listeners.DriverEventListener - Typed into element: input text [Henryka297@gamil.com]
[INFO ] 2022-02-14 22:18:24.884 [TestNG-tests-2] Uzytkownik.page.objects.UserRegistration - Wpisujemy w pole 'E-mail'
[INFO ] 2022-02-14 22:18:24.884 [TestNG-tests-2] driver.manager.listeners.DriverEventListener - Trying to find element with locator By.xpath: //*[@id="customer-form"]/section/div[5]/div[1]/div/input
[INFO ] 2022-02-14 22:18:24.897 [TestNG-tests-2] driver.manager.listeners.DriverEventListener - Found element with locator By.xpath: //*[@id="customer-form"]/section/div[5]/div[1]/div/input
[INFO ] 2022-02-14 22:18:24.907 [TestNG-tests-2] driver.manager.listeners.DriverEventListener - Trying to enter empty string or clear element: input
[INFO ] 2022-02-14 22:18:24.921 [TestNG-tests-1] driver.manager.listeners.DriverEventListener - Typed into element: input text [1970-05-31]
[INFO ] 2022-02-14 22:18:24.921 [TestNG-tests-1] Uzytkownik.page.objects.UserRegistration - Wpisujemy w pole 'Data urodzenia' -> '1970-05-31'
[INFO ] 2022-02-14 22:18:24.921 [TestNG-tests-1] driver.manager.listeners.DriverEventListener - Trying to find element with locator By.xpath: //*[@id="customer-form"]/section/div[7]/div[1]/span/label/input
[INFO ] 2022-02-14 22:18:24.935 [TestNG-tests-1] driver.manager.listeners.DriverEventListener - Found element with locator By.xpath: //*[@id="customer-form"]/section/div[7]/div[1]/span/label/input
[INFO ] 2022-02-14 22:18:24.943 [TestNG-tests-1] driver.manager.listeners.DriverEventListener - Trying to click on element with tag name: input
[INFO ] 2022-02-14 22:18:24.949 [TestNG-tests-2] driver.manager.listeners.DriverEventListener - Entered empty string or cleared element: input
[INFO ] 2022-02-14 22:18:24.949 [TestNG-tests-2] driver.manager.listeners.DriverEventListener - Trying to find element with locator By.xpath: //*[@id="customer-form"]/section/div[5]/div[1]/div/input
[INFO ] 2022-02-14 22:18:24.959 [TestNG-tests-2] driver.manager.listeners.DriverEventListener - Found element with locator By.xpath: //*[@id="customer-form"]/section/div[5]/div[1]/div/input
[INFO ] 2022-02-14 22:18:24.970 [TestNG-tests-2] driver.manager.listeners.DriverEventListener - Trying to type into element: input text [haslo1234]
[INFO ] 2022-02-14 22:18:24.983 [TestNG-tests-1] driver.manager.listeners.DriverEventListener - Clicked on element
[INFO ] 2022-02-14 22:18:24.983 [TestNG-tests-1] Uzytkownik.page.objects.UserRegistration - Zaznaczenie opcji 'Otrzymuj oferty..' 
[INFO ] 2022-02-14 22:18:24.983 [TestNG-tests-1] driver.manager.listeners.DriverEventListener - Trying to find element with locator By.xpath: //*[@id="customer-form"]/section/div[8]/div[1]/span/label/input
[INFO ] 2022-02-14 22:18:24.996 [TestNG-tests-1] driver.manager.listeners.DriverEventListener - Found element with locator By.xpath: //*[@id="customer-form"]/section/div[8]/div[1]/span/label/input
[INFO ] 2022-02-14 22:18:25.004 [TestNG-tests-1] driver.manager.listeners.DriverEventListener - Trying to click on element with tag name: input
[INFO ] 2022-02-14 22:18:25.030 [TestNG-tests-2] driver.manager.listeners.DriverEventListener - Typed into element: input text [haslo1234]
[INFO ] 2022-02-14 22:18:25.030 [TestNG-tests-2] Uzytkownik.page.objects.UserRegistration - Wpisujemy w pole 'Hasło'
[INFO ] 2022-02-14 22:18:25.031 [TestNG-tests-2] driver.manager.listeners.DriverEventListener - Trying to find element with locator By.xpath: //*[@id="customer-form"]/section/div[6]/div[1]/input
[INFO ] 2022-02-14 22:18:25.045 [TestNG-tests-1] driver.manager.listeners.DriverEventListener - Clicked on element
[INFO ] 2022-02-14 22:18:25.045 [TestNG-tests-2] driver.manager.listeners.DriverEventListener - Found element with locator By.xpath: //*[@id="customer-form"]/section/div[6]/div[1]/input
[INFO ] 2022-02-14 22:18:25.046 [TestNG-tests-1] Uzytkownik.page.objects.UserRegistration - Zaznaczenie opcji 'Wiadomość o przetwarzaniu..' 
[INFO ] 2022-02-14 22:18:25.046 [TestNG-tests-1] driver.manager.listeners.DriverEventListener - Trying to find element with locator By.xpath: //*[@id="customer-form"]/section/div[9]/div[1]/span/label/input
[INFO ] 2022-02-14 22:18:25.058 [TestNG-tests-2] driver.manager.listeners.DriverEventListener - Trying to enter empty string or clear element: input
[INFO ] 2022-02-14 22:18:25.062 [TestNG-tests-1] driver.manager.listeners.DriverEventListener - Found element with locator By.xpath: //*[@id="customer-form"]/section/div[9]/div[1]/span/label/input
[INFO ] 2022-02-14 22:18:25.071 [TestNG-tests-1] driver.manager.listeners.DriverEventListener - Trying to click on element with tag name: input
[INFO ] 2022-02-14 22:18:25.096 [TestNG-tests-2] driver.manager.listeners.DriverEventListener - Entered empty string or cleared element: input
[INFO ] 2022-02-14 22:18:25.096 [TestNG-tests-2] driver.manager.listeners.DriverEventListener - Trying to find element with locator By.xpath: //*[@id="customer-form"]/section/div[6]/div[1]/input
[INFO ] 2022-02-14 22:18:25.102 [TestNG-tests-3] driver.manager.listeners.DriverEventListener - Trying to find element with locator By.xpath: //body/main[1]/section[1]/div[1]/div[1]/section[1]/section[1]/section[1]/form[1]/section[1]/div[1]/div[1]/label[1]
[INFO ] 2022-02-14 22:18:25.108 [TestNG-tests-2] driver.manager.listeners.DriverEventListener - Found element with locator By.xpath: //*[@id="customer-form"]/section/div[6]/div[1]/input
[INFO ] 2022-02-14 22:18:25.108 [TestNG-tests-1] driver.manager.listeners.DriverEventListener - Clicked on element
[INFO ] 2022-02-14 22:18:25.108 [TestNG-tests-1] Uzytkownik.page.objects.UserRegistration - Zaznaczenie opcji 'Zapisz się do..' 
[INFO ] 2022-02-14 22:18:25.109 [TestNG-tests-1] driver.manager.listeners.DriverEventListener - Trying to find element with locator By.xpath: //*[@id="customer-form"]/section/div[10]/div[1]/span/label/input
[INFO ] 2022-02-14 22:18:25.113 [TestNG-tests-3] driver.manager.listeners.DriverEventListener - Found element with locator By.xpath: //body/main[1]/section[1]/div[1]/div[1]/section[1]/section[1]/section[1]/form[1]/section[1]/div[1]/div[1]/label[1]
[INFO ] 2022-02-14 22:18:25.117 [TestNG-tests-2] driver.manager.listeners.DriverEventListener - Trying to type into element: input text [1970-05-31]
[INFO ] 2022-02-14 22:18:25.124 [TestNG-tests-1] driver.manager.listeners.DriverEventListener - Found element with locator By.xpath: //*[@id="customer-form"]/section/div[10]/div[1]/span/label/input
[INFO ] 2022-02-14 22:18:25.136 [TestNG-tests-3] driver.manager.listeners.DriverEventListener - Trying to click on element with tag name: label
[INFO ] 2022-02-14 22:18:25.143 [TestNG-tests-1] driver.manager.listeners.DriverEventListener - Trying to click on element with tag name: input
[INFO ] 2022-02-14 22:18:25.182 [TestNG-tests-2] driver.manager.listeners.DriverEventListener - Typed into element: input text [1970-05-31]
[INFO ] 2022-02-14 22:18:25.182 [TestNG-tests-2] Uzytkownik.page.objects.UserRegistration - Wpisujemy w pole 'Data urodzenia' -> '1970-05-31'
[INFO ] 2022-02-14 22:18:25.182 [TestNG-tests-2] driver.manager.listeners.DriverEventListener - Trying to find element with locator By.xpath: //*[@id="customer-form"]/section/div[7]/div[1]/span/label/input
[INFO ] 2022-02-14 22:18:25.184 [TestNG-tests-1] driver.manager.listeners.DriverEventListener - Clicked on element
[INFO ] 2022-02-14 22:18:25.184 [TestNG-tests-1] Uzytkownik.page.objects.UserRegistration - Zaznaczenie opcji 'Akceptuje ogólne..' 
[INFO ] 2022-02-14 22:18:25.185 [TestNG-tests-1] driver.manager.listeners.DriverEventListener - Trying to find element with locator By.xpath: //*[@id="customer-form"]/footer/button
[INFO ] 2022-02-14 22:18:25.196 [TestNG-tests-2] driver.manager.listeners.DriverEventListener - Found element with locator By.xpath: //*[@id="customer-form"]/section/div[7]/div[1]/span/label/input
[INFO ] 2022-02-14 22:18:25.197 [TestNG-tests-1] driver.manager.listeners.DriverEventListener - Found element with locator By.xpath: //*[@id="customer-form"]/footer/button
[INFO ] 2022-02-14 22:18:25.206 [TestNG-tests-2] driver.manager.listeners.DriverEventListener - Trying to click on element with tag name: input
[INFO ] 2022-02-14 22:18:25.206 [TestNG-tests-1] driver.manager.listeners.DriverEventListener - Trying to click on element with tag name: button
[INFO ] 2022-02-14 22:18:25.248 [TestNG-tests-2] driver.manager.listeners.DriverEventListener - Clicked on element
[INFO ] 2022-02-14 22:18:25.248 [TestNG-tests-2] Uzytkownik.page.objects.UserRegistration - Zaznaczenie opcji 'Otrzymuj oferty..' 
[INFO ] 2022-02-14 22:18:25.248 [TestNG-tests-2] driver.manager.listeners.DriverEventListener - Trying to find element with locator By.xpath: //*[@id="customer-form"]/section/div[8]/div[1]/span/label/input
[INFO ] 2022-02-14 22:18:25.263 [TestNG-tests-2] driver.manager.listeners.DriverEventListener - Found element with locator By.xpath: //*[@id="customer-form"]/section/div[8]/div[1]/span/label/input
[INFO ] 2022-02-14 22:18:25.269 [TestNG-tests-2] driver.manager.listeners.DriverEventListener - Trying to click on element with tag name: input
[INFO ] 2022-02-14 22:18:25.305 [TestNG-tests-2] driver.manager.listeners.DriverEventListener - Clicked on element
[INFO ] 2022-02-14 22:18:25.305 [TestNG-tests-2] Uzytkownik.page.objects.UserRegistration - Zaznaczenie opcji 'Wiadomość o przetwarzaniu..' 
[INFO ] 2022-02-14 22:18:25.305 [TestNG-tests-2] driver.manager.listeners.DriverEventListener - Trying to find element with locator By.xpath: //*[@id="customer-form"]/section/div[9]/div[1]/span/label/input
[INFO ] 2022-02-14 22:18:25.319 [TestNG-tests-2] driver.manager.listeners.DriverEventListener - Found element with locator By.xpath: //*[@id="customer-form"]/section/div[9]/div[1]/span/label/input
[INFO ] 2022-02-14 22:18:25.326 [TestNG-tests-2] driver.manager.listeners.DriverEventListener - Trying to click on element with tag name: input
[INFO ] 2022-02-14 22:18:25.363 [TestNG-tests-2] driver.manager.listeners.DriverEventListener - Clicked on element
[INFO ] 2022-02-14 22:18:25.363 [TestNG-tests-3] driver.manager.listeners.DriverEventListener - Clicked on element
[INFO ] 2022-02-14 22:18:25.363 [TestNG-tests-2] Uzytkownik.page.objects.UserRegistration - Zaznaczenie opcji 'Zapisz się do..' 
[INFO ] 2022-02-14 22:18:25.363 [TestNG-tests-3] Uzytkownik.page.objects.UserRegistration - Wybór pola 'Nazwa kontaktu' -> 'Pan'
[INFO ] 2022-02-14 22:18:25.363 [TestNG-tests-2] driver.manager.listeners.DriverEventListener - Trying to find element with locator By.xpath: //*[@id="customer-form"]/section/div[10]/div[1]/span/label/input
[INFO ] 2022-02-14 22:18:25.363 [TestNG-tests-3] driver.manager.listeners.DriverEventListener - Trying to find element with locator By.xpath: //*[@id="customer-form"]/section/div[2]/div[1]/input
[INFO ] 2022-02-14 22:18:25.371 [TestNG-tests-3] driver.manager.listeners.DriverEventListener - Found element with locator By.xpath: //*[@id="customer-form"]/section/div[2]/div[1]/input
[INFO ] 2022-02-14 22:18:25.378 [TestNG-tests-3] driver.manager.listeners.DriverEventListener - Trying to enter empty string or clear element: input
[INFO ] 2022-02-14 22:18:25.378 [TestNG-tests-2] driver.manager.listeners.DriverEventListener - Found element with locator By.xpath: //*[@id="customer-form"]/section/div[10]/div[1]/span/label/input
[INFO ] 2022-02-14 22:18:25.387 [TestNG-tests-2] driver.manager.listeners.DriverEventListener - Trying to click on element with tag name: input
[INFO ] 2022-02-14 22:18:25.397 [TestNG-tests-3] driver.manager.listeners.DriverEventListener - Entered empty string or cleared element: input
[INFO ] 2022-02-14 22:18:25.397 [TestNG-tests-3] driver.manager.listeners.DriverEventListener - Trying to find element with locator By.xpath: //*[@id="customer-form"]/section/div[2]/div[1]/input
[INFO ] 2022-02-14 22:18:25.403 [TestNG-tests-3] driver.manager.listeners.DriverEventListener - Found element with locator By.xpath: //*[@id="customer-form"]/section/div[2]/div[1]/input
[INFO ] 2022-02-14 22:18:25.412 [TestNG-tests-3] driver.manager.listeners.DriverEventListener - Trying to type into element: input text [Jan]
[INFO ] 2022-02-14 22:18:25.434 [TestNG-tests-2] driver.manager.listeners.DriverEventListener - Clicked on element
[INFO ] 2022-02-14 22:18:25.434 [TestNG-tests-2] Uzytkownik.page.objects.UserRegistration - Zaznaczenie opcji 'Akceptuje ogólne..' 
[INFO ] 2022-02-14 22:18:25.434 [TestNG-tests-2] driver.manager.listeners.DriverEventListener - Trying to find element with locator By.xpath: //*[@id="customer-form"]/footer/button
[INFO ] 2022-02-14 22:18:25.434 [TestNG-tests-3] driver.manager.listeners.DriverEventListener - Typed into element: input text [Jan]
[INFO ] 2022-02-14 22:18:25.434 [TestNG-tests-3] Uzytkownik.page.objects.UserRegistration - Wpisujemy w pole 'Imię'
[INFO ] 2022-02-14 22:18:25.434 [TestNG-tests-3] driver.manager.listeners.DriverEventListener - Trying to find element with locator By.xpath: //*[@id="customer-form"]/section/div[3]/div[1]/input
[INFO ] 2022-02-14 22:18:25.441 [TestNG-tests-3] driver.manager.listeners.DriverEventListener - Found element with locator By.xpath: //*[@id="customer-form"]/section/div[3]/div[1]/input
[INFO ] 2022-02-14 22:18:25.448 [TestNG-tests-2] driver.manager.listeners.DriverEventListener - Found element with locator By.xpath: //*[@id="customer-form"]/footer/button
[INFO ] 2022-02-14 22:18:25.448 [TestNG-tests-3] driver.manager.listeners.DriverEventListener - Trying to enter empty string or clear element: input
[INFO ] 2022-02-14 22:18:25.456 [TestNG-tests-2] driver.manager.listeners.DriverEventListener - Trying to click on element with tag name: button
[INFO ] 2022-02-14 22:18:25.466 [TestNG-tests-3] driver.manager.listeners.DriverEventListener - Entered empty string or cleared element: input
[INFO ] 2022-02-14 22:18:25.466 [TestNG-tests-3] driver.manager.listeners.DriverEventListener - Trying to find element with locator By.xpath: //*[@id="customer-form"]/section/div[3]/div[1]/input
[INFO ] 2022-02-14 22:18:25.472 [TestNG-tests-3] driver.manager.listeners.DriverEventListener - Found element with locator By.xpath: //*[@id="customer-form"]/section/div[3]/div[1]/input
[INFO ] 2022-02-14 22:18:25.478 [TestNG-tests-3] driver.manager.listeners.DriverEventListener - Trying to type into element: input text [Kowalski]
[INFO ] 2022-02-14 22:18:25.511 [TestNG-tests-3] driver.manager.listeners.DriverEventListener - Typed into element: input text [Kowalski]
[INFO ] 2022-02-14 22:18:25.511 [TestNG-tests-3] Uzytkownik.page.objects.UserRegistration - Wpisujemy w pole 'Nazwisko'
[INFO ] 2022-02-14 22:18:25.511 [TestNG-tests-3] driver.manager.listeners.DriverEventListener - Trying to find element with locator By.xpath: //*[@id="customer-form"]/section/div[4]/div[1]/input
[INFO ] 2022-02-14 22:18:25.518 [TestNG-tests-3] driver.manager.listeners.DriverEventListener - Found element with locator By.xpath: //*[@id="customer-form"]/section/div[4]/div[1]/input
[INFO ] 2022-02-14 22:18:25.524 [TestNG-tests-3] driver.manager.listeners.DriverEventListener - Trying to enter empty string or clear element: input
[INFO ] 2022-02-14 22:18:25.540 [TestNG-tests-3] driver.manager.listeners.DriverEventListener - Entered empty string or cleared element: input
[INFO ] 2022-02-14 22:18:25.540 [TestNG-tests-3] driver.manager.listeners.DriverEventListener - Trying to find element with locator By.xpath: //*[@id="customer-form"]/section/div[4]/div[1]/input
[INFO ] 2022-02-14 22:18:25.547 [TestNG-tests-3] driver.manager.listeners.DriverEventListener - Found element with locator By.xpath: //*[@id="customer-form"]/section/div[4]/div[1]/input
[INFO ] 2022-02-14 22:18:25.554 [TestNG-tests-3] driver.manager.listeners.DriverEventListener - Trying to type into element: input text [Ruta297@gamil.com]
[INFO ] 2022-02-14 22:18:25.578 [TestNG-tests-3] driver.manager.listeners.DriverEventListener - Typed into element: input text [Ruta297@gamil.com]
[INFO ] 2022-02-14 22:18:25.578 [TestNG-tests-3] Uzytkownik.page.objects.UserRegistration - Wpisujemy w pole 'E-mail'
[INFO ] 2022-02-14 22:18:25.578 [TestNG-tests-3] driver.manager.listeners.DriverEventListener - Trying to find element with locator By.xpath: //*[@id="customer-form"]/section/div[5]/div[1]/div/input
[INFO ] 2022-02-14 22:18:25.587 [TestNG-tests-3] driver.manager.listeners.DriverEventListener - Found element with locator By.xpath: //*[@id="customer-form"]/section/div[5]/div[1]/div/input
[INFO ] 2022-02-14 22:18:25.593 [TestNG-tests-3] driver.manager.listeners.DriverEventListener - Trying to enter empty string or clear element: input
[INFO ] 2022-02-14 22:18:25.627 [TestNG-tests-3] driver.manager.listeners.DriverEventListener - Entered empty string or cleared element: input
[INFO ] 2022-02-14 22:18:25.627 [TestNG-tests-3] driver.manager.listeners.DriverEventListener - Trying to find element with locator By.xpath: //*[@id="customer-form"]/section/div[5]/div[1]/div/input
[INFO ] 2022-02-14 22:18:25.635 [TestNG-tests-3] driver.manager.listeners.DriverEventListener - Found element with locator By.xpath: //*[@id="customer-form"]/section/div[5]/div[1]/div/input
[INFO ] 2022-02-14 22:18:25.641 [TestNG-tests-3] driver.manager.listeners.DriverEventListener - Trying to type into element: input text [haslo1234]
[INFO ] 2022-02-14 22:18:25.662 [TestNG-tests-3] driver.manager.listeners.DriverEventListener - Typed into element: input text [haslo1234]
[INFO ] 2022-02-14 22:18:25.663 [TestNG-tests-3] Uzytkownik.page.objects.UserRegistration - Wpisujemy w pole 'Hasło'
[INFO ] 2022-02-14 22:18:25.663 [TestNG-tests-3] driver.manager.listeners.DriverEventListener - Trying to find element with locator By.xpath: //*[@id="customer-form"]/section/div[6]/div[1]/input
[INFO ] 2022-02-14 22:18:25.670 [TestNG-tests-3] driver.manager.listeners.DriverEventListener - Found element with locator By.xpath: //*[@id="customer-form"]/section/div[6]/div[1]/input
[INFO ] 2022-02-14 22:18:25.675 [TestNG-tests-3] driver.manager.listeners.DriverEventListener - Trying to enter empty string or clear element: input
[INFO ] 2022-02-14 22:18:25.690 [TestNG-tests-3] driver.manager.listeners.DriverEventListener - Entered empty string or cleared element: input
[INFO ] 2022-02-14 22:18:25.690 [TestNG-tests-3] driver.manager.listeners.DriverEventListener - Trying to find element with locator By.xpath: //*[@id="customer-form"]/section/div[6]/div[1]/input
[INFO ] 2022-02-14 22:18:25.697 [TestNG-tests-3] driver.manager.listeners.DriverEventListener - Found element with locator By.xpath: //*[@id="customer-form"]/section/div[6]/div[1]/input
[INFO ] 2022-02-14 22:18:25.704 [TestNG-tests-3] driver.manager.listeners.DriverEventListener - Trying to type into element: input text [1970-05-31]
[INFO ] 2022-02-14 22:18:25.735 [TestNG-tests-3] driver.manager.listeners.DriverEventListener - Typed into element: input text [1970-05-31]
[INFO ] 2022-02-14 22:18:25.735 [TestNG-tests-3] Uzytkownik.page.objects.UserRegistration - Wpisujemy w pole 'Data urodzenia' -> '1970-05-31'
[INFO ] 2022-02-14 22:18:25.735 [TestNG-tests-3] driver.manager.listeners.DriverEventListener - Trying to find element with locator By.xpath: //*[@id="customer-form"]/section/div[7]/div[1]/span/label/input
[INFO ] 2022-02-14 22:18:25.744 [TestNG-tests-3] driver.manager.listeners.DriverEventListener - Found element with locator By.xpath: //*[@id="customer-form"]/section/div[7]/div[1]/span/label/input
[INFO ] 2022-02-14 22:18:25.749 [TestNG-tests-3] driver.manager.listeners.DriverEventListener - Trying to click on element with tag name: input
[INFO ] 2022-02-14 22:18:25.830 [TestNG-tests-1] driver.manager.listeners.DriverEventListener - Clicked on element
[INFO ] 2022-02-14 22:18:25.830 [TestNG-tests-1] Uzytkownik.page.objects.UserRegistration - Zaznaczenie przycisku 'Zapisz' 
[INFO ] 2022-02-14 22:18:25.833 [TestNG-tests-1] driver.manager.listeners.DriverEventListener - Trying to find element with locator By.xpath: //*[@id="_desktop_user_info"]/div/a[1]
[INFO ] 2022-02-14 22:18:25.846 [TestNG-tests-1] driver.manager.listeners.DriverEventListener - Found element with locator By.xpath: //*[@id="_desktop_user_info"]/div/a[1]
[INFO ] 2022-02-14 22:18:25.853 [TestNG-tests-1] driver.manager.listeners.DriverEventListener - Trying to click on element with tag name: a
[INFO ] 2022-02-14 22:18:25.961 [TestNG-tests-3] driver.manager.listeners.DriverEventListener - Clicked on element
[INFO ] 2022-02-14 22:18:25.961 [TestNG-tests-3] Uzytkownik.page.objects.UserRegistration - Zaznaczenie opcji 'Otrzymuj oferty..' 
[INFO ] 2022-02-14 22:18:25.962 [TestNG-tests-3] driver.manager.listeners.DriverEventListener - Trying to find element with locator By.xpath: //*[@id="customer-form"]/section/div[8]/div[1]/span/label/input
[INFO ] 2022-02-14 22:18:25.967 [TestNG-tests-3] driver.manager.listeners.DriverEventListener - Found element with locator By.xpath: //*[@id="customer-form"]/section/div[8]/div[1]/span/label/input
[INFO ] 2022-02-14 22:18:25.972 [TestNG-tests-3] driver.manager.listeners.DriverEventListener - Trying to click on element with tag name: input
[INFO ] 2022-02-14 22:18:26.063 [TestNG-tests-1] driver.manager.listeners.DriverEventListener - Clicked on element
[INFO ] 2022-02-14 22:18:26.063 [TestNG-tests-1] Uzytkownik.page.objects.UserLogin - Wylogowanie się
[INFO ] 2022-02-14 22:18:26.063 [TestNG-tests-1] driver.manager.listeners.DriverEventListener - Trying to find element with locator By.xpath: //*[@id="_desktop_user_info"]/div/a/span
[INFO ] 2022-02-14 22:18:26.077 [TestNG-tests-1] driver.manager.listeners.DriverEventListener - Found element with locator By.xpath: //*[@id="_desktop_user_info"]/div/a/span
[INFO ] 2022-02-14 22:18:26.089 [TestNG-tests-1] driver.manager.listeners.DriverEventListener - Trying to click on element with tag name: span
[INFO ] 2022-02-14 22:18:26.110 [TestNG-tests-2] driver.manager.listeners.DriverEventListener - Clicked on element
[INFO ] 2022-02-14 22:18:26.110 [TestNG-tests-2] Uzytkownik.page.objects.UserRegistration - Zaznaczenie przycisku 'Zapisz' 
[INFO ] 2022-02-14 22:18:26.111 [TestNG-tests-2] driver.manager.listeners.DriverEventListener - Trying to find element with locator By.xpath: //*[@id="_desktop_user_info"]/div/a[1]
[INFO ] 2022-02-14 22:18:26.128 [TestNG-tests-2] driver.manager.listeners.DriverEventListener - Found element with locator By.xpath: //*[@id="_desktop_user_info"]/div/a[1]
[INFO ] 2022-02-14 22:18:26.140 [TestNG-tests-2] driver.manager.listeners.DriverEventListener - Trying to click on element with tag name: a
[INFO ] 2022-02-14 22:18:26.188 [TestNG-tests-3] driver.manager.listeners.DriverEventListener - Clicked on element
[INFO ] 2022-02-14 22:18:26.188 [TestNG-tests-3] Uzytkownik.page.objects.UserRegistration - Zaznaczenie opcji 'Wiadomość o przetwarzaniu..' 
[INFO ] 2022-02-14 22:18:26.188 [TestNG-tests-3] driver.manager.listeners.DriverEventListener - Trying to find element with locator By.xpath: //*[@id="customer-form"]/section/div[9]/div[1]/span/label/input
[INFO ] 2022-02-14 22:18:26.194 [TestNG-tests-3] driver.manager.listeners.DriverEventListener - Found element with locator By.xpath: //*[@id="customer-form"]/section/div[9]/div[1]/span/label/input
[INFO ] 2022-02-14 22:18:26.200 [TestNG-tests-3] driver.manager.listeners.DriverEventListener - Trying to click on element with tag name: input
[INFO ] 2022-02-14 22:18:26.243 [TestNG-tests-1] driver.manager.listeners.DriverEventListener - Clicked on element
[INFO ] 2022-02-14 22:18:26.243 [TestNG-tests-1] Uzytkownik.page.objects.UserLogin - Przejśćie do logowania
[INFO ] 2022-02-14 22:18:26.243 [TestNG-tests-1] driver.manager.listeners.DriverEventListener - Trying to find element with locator By.xpath: //body/main[1]/section[1]/div[1]/div[1]/section[1]/section[1]/section[1]/form[1]/section[1]/div[1]/div[1]/input[1]
[INFO ] 2022-02-14 22:18:26.256 [TestNG-tests-1] driver.manager.listeners.DriverEventListener - Found element with locator By.xpath: //body/main[1]/section[1]/div[1]/div[1]/section[1]/section[1]/section[1]/form[1]/section[1]/div[1]/div[1]/input[1]
[INFO ] 2022-02-14 22:18:26.263 [TestNG-tests-1] driver.manager.listeners.DriverEventListener - Trying to enter empty string or clear element: input
[INFO ] 2022-02-14 22:18:26.293 [TestNG-tests-1] driver.manager.listeners.DriverEventListener - Entered empty string or cleared element: input
[INFO ] 2022-02-14 22:18:26.294 [TestNG-tests-1] driver.manager.listeners.DriverEventListener - Trying to find element with locator By.xpath: //body/main[1]/section[1]/div[1]/div[1]/section[1]/section[1]/section[1]/form[1]/section[1]/div[1]/div[1]/input[1]
[INFO ] 2022-02-14 22:18:26.309 [TestNG-tests-1] driver.manager.listeners.DriverEventListener - Found element with locator By.xpath: //body/main[1]/section[1]/div[1]/div[1]/section[1]/section[1]/section[1]/form[1]/section[1]/div[1]/div[1]/input[1]
[INFO ] 2022-02-14 22:18:26.323 [TestNG-tests-1] driver.manager.listeners.DriverEventListener - Trying to type into element: input text [Ireneusz297@gamil.com]
[INFO ] 2022-02-14 22:18:26.378 [TestNG-tests-2] driver.manager.listeners.DriverEventListener - Clicked on element
[INFO ] 2022-02-14 22:18:26.378 [TestNG-tests-2] Uzytkownik.page.objects.UserLogin - Wylogowanie się
[INFO ] 2022-02-14 22:18:26.379 [TestNG-tests-2] driver.manager.listeners.DriverEventListener - Trying to find element with locator By.xpath: //*[@id="_desktop_user_info"]/div/a/span
[INFO ] 2022-02-14 22:18:26.383 [TestNG-tests-1] driver.manager.listeners.DriverEventListener - Typed into element: input text [Ireneusz297@gamil.com]
[INFO ] 2022-02-14 22:18:26.383 [TestNG-tests-1] Uzytkownik.page.objects.UserLogin - Wpisujemy w pole logowania 'E-mail'
[INFO ] 2022-02-14 22:18:26.384 [TestNG-tests-1] driver.manager.listeners.DriverEventListener - Trying to find element with locator By.xpath: //*[@id="login-form"]/section/div[2]/div[1]/div/input
[INFO ] 2022-02-14 22:18:26.397 [TestNG-tests-2] driver.manager.listeners.DriverEventListener - Found element with locator By.xpath: //*[@id="_desktop_user_info"]/div/a/span
[INFO ] 2022-02-14 22:18:26.400 [TestNG-tests-1] driver.manager.listeners.DriverEventListener - Found element with locator By.xpath: //*[@id="login-form"]/section/div[2]/div[1]/div/input
[INFO ] 2022-02-14 22:18:26.405 [TestNG-tests-2] driver.manager.listeners.DriverEventListener - Trying to click on element with tag name: span
[INFO ] 2022-02-14 22:18:26.408 [TestNG-tests-1] driver.manager.listeners.DriverEventListener - Trying to enter empty string or clear element: input
[INFO ] 2022-02-14 22:18:26.416 [TestNG-tests-3] driver.manager.listeners.DriverEventListener - Clicked on element
[INFO ] 2022-02-14 22:18:26.416 [TestNG-tests-3] Uzytkownik.page.objects.UserRegistration - Zaznaczenie opcji 'Zapisz się do..' 
[INFO ] 2022-02-14 22:18:26.416 [TestNG-tests-3] driver.manager.listeners.DriverEventListener - Trying to find element with locator By.xpath: //*[@id="customer-form"]/section/div[10]/div[1]/span/label/input
[INFO ] 2022-02-14 22:18:26.423 [TestNG-tests-3] driver.manager.listeners.DriverEventListener - Found element with locator By.xpath: //*[@id="customer-form"]/section/div[10]/div[1]/span/label/input
[INFO ] 2022-02-14 22:18:26.431 [TestNG-tests-3] driver.manager.listeners.DriverEventListener - Trying to click on element with tag name: input
[INFO ] 2022-02-14 22:18:26.454 [TestNG-tests-1] driver.manager.listeners.DriverEventListener - Entered empty string or cleared element: input
[INFO ] 2022-02-14 22:18:26.454 [TestNG-tests-1] driver.manager.listeners.DriverEventListener - Trying to find element with locator By.xpath: //*[@id="login-form"]/section/div[2]/div[1]/div/input
[INFO ] 2022-02-14 22:18:26.464 [TestNG-tests-1] driver.manager.listeners.DriverEventListener - Found element with locator By.xpath: //*[@id="login-form"]/section/div[2]/div[1]/div/input
[INFO ] 2022-02-14 22:18:26.470 [TestNG-tests-1] driver.manager.listeners.DriverEventListener - Trying to type into element: input text [haslo1234]
[INFO ] 2022-02-14 22:18:26.514 [TestNG-tests-1] driver.manager.listeners.DriverEventListener - Typed into element: input text [haslo1234]
[INFO ] 2022-02-14 22:18:26.514 [TestNG-tests-1] Uzytkownik.page.objects.UserLogin - Wpisujemy w pole logowania 'Hasło' -> 'haslo1234'
[INFO ] 2022-02-14 22:18:26.514 [TestNG-tests-1] driver.manager.listeners.DriverEventListener - Trying to find element with locator By.xpath: //*[@id="submit-login"]
[INFO ] 2022-02-14 22:18:26.525 [TestNG-tests-1] driver.manager.listeners.DriverEventListener - Found element with locator By.xpath: //*[@id="submit-login"]
[INFO ] 2022-02-14 22:18:26.531 [TestNG-tests-1] driver.manager.listeners.DriverEventListener - Trying to click on element with tag name: button
[INFO ] 2022-02-14 22:18:26.601 [TestNG-tests-2] driver.manager.listeners.DriverEventListener - Clicked on element
[INFO ] 2022-02-14 22:18:26.601 [TestNG-tests-2] Uzytkownik.page.objects.UserLogin - Przejśćie do logowania
[INFO ] 2022-02-14 22:18:26.601 [TestNG-tests-2] driver.manager.listeners.DriverEventListener - Trying to find element with locator By.xpath: //body/main[1]/section[1]/div[1]/div[1]/section[1]/section[1]/section[1]/form[1]/section[1]/div[1]/div[1]/input[1]
[INFO ] 2022-02-14 22:18:26.614 [TestNG-tests-2] driver.manager.listeners.DriverEventListener - Found element with locator By.xpath: //body/main[1]/section[1]/div[1]/div[1]/section[1]/section[1]/section[1]/form[1]/section[1]/div[1]/div[1]/input[1]
[INFO ] 2022-02-14 22:18:26.624 [TestNG-tests-2] driver.manager.listeners.DriverEventListener - Trying to enter empty string or clear element: input
[INFO ] 2022-02-14 22:18:26.646 [TestNG-tests-3] driver.manager.listeners.DriverEventListener - Clicked on element
[INFO ] 2022-02-14 22:18:26.646 [TestNG-tests-3] Uzytkownik.page.objects.UserRegistration - Zaznaczenie opcji 'Akceptuje ogólne..' 
[INFO ] 2022-02-14 22:18:26.647 [TestNG-tests-3] driver.manager.listeners.DriverEventListener - Trying to find element with locator By.xpath: //*[@id="customer-form"]/footer/button
[INFO ] 2022-02-14 22:18:26.653 [TestNG-tests-3] driver.manager.listeners.DriverEventListener - Found element with locator By.xpath: //*[@id="customer-form"]/footer/button
[INFO ] 2022-02-14 22:18:26.659 [TestNG-tests-3] driver.manager.listeners.DriverEventListener - Trying to click on element with tag name: button
[INFO ] 2022-02-14 22:18:26.660 [TestNG-tests-2] driver.manager.listeners.DriverEventListener - Entered empty string or cleared element: input
[INFO ] 2022-02-14 22:18:26.660 [TestNG-tests-2] driver.manager.listeners.DriverEventListener - Trying to find element with locator By.xpath: //body/main[1]/section[1]/div[1]/div[1]/section[1]/section[1]/section[1]/form[1]/section[1]/div[1]/div[1]/input[1]
[INFO ] 2022-02-14 22:18:26.670 [TestNG-tests-2] driver.manager.listeners.DriverEventListener - Found element with locator By.xpath: //body/main[1]/section[1]/div[1]/div[1]/section[1]/section[1]/section[1]/form[1]/section[1]/div[1]/div[1]/input[1]
[INFO ] 2022-02-14 22:18:26.678 [TestNG-tests-2] driver.manager.listeners.DriverEventListener - Trying to type into element: input text [Henryka297@gamil.com]
[INFO ] 2022-02-14 22:18:26.737 [TestNG-tests-2] driver.manager.listeners.DriverEventListener - Typed into element: input text [Henryka297@gamil.com]
[INFO ] 2022-02-14 22:18:26.737 [TestNG-tests-2] Uzytkownik.page.objects.UserLogin - Wpisujemy w pole logowania 'E-mail'
[INFO ] 2022-02-14 22:18:26.737 [TestNG-tests-2] driver.manager.listeners.DriverEventListener - Trying to find element with locator By.xpath: //*[@id="login-form"]/section/div[2]/div[1]/div/input
[INFO ] 2022-02-14 22:18:26.751 [TestNG-tests-2] driver.manager.listeners.DriverEventListener - Found element with locator By.xpath: //*[@id="login-form"]/section/div[2]/div[1]/div/input
[INFO ] 2022-02-14 22:18:26.757 [TestNG-tests-2] driver.manager.listeners.DriverEventListener - Trying to enter empty string or clear element: input
[INFO ] 2022-02-14 22:18:26.797 [TestNG-tests-2] driver.manager.listeners.DriverEventListener - Entered empty string or cleared element: input
[INFO ] 2022-02-14 22:18:26.798 [TestNG-tests-2] driver.manager.listeners.DriverEventListener - Trying to find element with locator By.xpath: //*[@id="login-form"]/section/div[2]/div[1]/div/input
[INFO ] 2022-02-14 22:18:26.809 [TestNG-tests-2] driver.manager.listeners.DriverEventListener - Found element with locator By.xpath: //*[@id="login-form"]/section/div[2]/div[1]/div/input
[INFO ] 2022-02-14 22:18:26.815 [TestNG-tests-2] driver.manager.listeners.DriverEventListener - Trying to type into element: input text [haslo1234]
[INFO ] 2022-02-14 22:18:26.836 [TestNG-tests-1] driver.manager.listeners.DriverEventListener - Clicked on element
[INFO ] 2022-02-14 22:18:26.836 [TestNG-tests-1] Uzytkownik.page.objects.UserLogin - Kliknięcie przycisku 'ZALOGUJ SIĘ'
[INFO ] 2022-02-14 22:18:26.841 [TestNG-tests-1] driver.manager.listeners.DriverEventListener - Trying to find element with locator By.xpath: /html/body/main/header/nav/div/div/div[1]/div[1]/div/div/a
[INFO ] 2022-02-14 22:18:26.856 [TestNG-tests-1] driver.manager.listeners.DriverEventListener - Found element with locator By.xpath: /html/body/main/header/nav/div/div/div[1]/div[1]/div/div/a
[INFO ] 2022-02-14 22:18:26.863 [TestNG-tests-1] driver.manager.listeners.DriverEventListener - Trying to click on element with tag name: a
[INFO ] 2022-02-14 22:18:26.869 [TestNG-tests-2] driver.manager.listeners.DriverEventListener - Typed into element: input text [haslo1234]
[INFO ] 2022-02-14 22:18:26.869 [TestNG-tests-2] Uzytkownik.page.objects.UserLogin - Wpisujemy w pole logowania 'Hasło' -> 'haslo1234'
[INFO ] 2022-02-14 22:18:26.869 [TestNG-tests-2] driver.manager.listeners.DriverEventListener - Trying to find element with locator By.xpath: //*[@id="submit-login"]
[INFO ] 2022-02-14 22:18:26.882 [TestNG-tests-2] driver.manager.listeners.DriverEventListener - Found element with locator By.xpath: //*[@id="submit-login"]
[INFO ] 2022-02-14 22:18:26.889 [TestNG-tests-2] driver.manager.listeners.DriverEventListener - Trying to click on element with tag name: button
[INFO ] 2022-02-14 22:18:26.991 [TestNG-tests-1] driver.manager.listeners.DriverEventListener - Clicked on element
[INFO ] 2022-02-14 22:18:26.991 [TestNG-tests-1] Uzytkownik.page.objects.ValidationContactForm - Przejście do formularza kontaktowego
[INFO ] 2022-02-14 22:18:26.993 [TestNG-tests-1] driver.manager.listeners.DriverEventListener - Trying to find element with locator By.xpath: //body/main[1]/section[1]/div[1]/div[2]/section[1]/section[1]/section[1]/form[1]/section[1]/div[2]/div[1]/select[1]
[INFO ] 2022-02-14 22:18:27.008 [TestNG-tests-1] driver.manager.listeners.DriverEventListener - Found element with locator By.xpath: //body/main[1]/section[1]/div[1]/div[2]/section[1]/section[1]/section[1]/form[1]/section[1]/div[2]/div[1]/select[1]
[INFO ] 2022-02-14 22:18:27.019 [TestNG-tests-1] driver.manager.listeners.DriverEventListener - Trying to find element with locator By.xpath: //body/main[1]/section[1]/div[1]/div[2]/section[1]/section[1]/section[1]/form[1]/section[1]/div[2]/div[1]/select[1]
[INFO ] 2022-02-14 22:18:27.028 [TestNG-tests-1] driver.manager.listeners.DriverEventListener - Found element with locator By.xpath: //body/main[1]/section[1]/div[1]/div[2]/section[1]/section[1]/section[1]/form[1]/section[1]/div[2]/div[1]/select[1]
[INFO ] 2022-02-14 22:18:27.051 [TestNG-tests-1] driver.manager.listeners.DriverEventListener - Trying to find element with locator By.xpath: //body/main[1]/section[1]/div[1]/div[2]/section[1]/section[1]/section[1]/form[1]/section[1]/div[2]/div[1]/select[1]
[INFO ] 2022-02-14 22:18:27.060 [TestNG-tests-1] driver.manager.listeners.DriverEventListener - Found element with locator By.xpath: //body/main[1]/section[1]/div[1]/div[2]/section[1]/section[1]/section[1]/form[1]/section[1]/div[2]/div[1]/select[1]
[INFO ] 2022-02-14 22:18:27.088 [TestNG-tests-1] driver.manager.listeners.DriverEventListener - Trying to find element with locator By.xpath: //body/main[1]/section[1]/div[1]/div[2]/section[1]/section[1]/section[1]/form[1]/section[1]/div[2]/div[1]/select[1]
[INFO ] 2022-02-14 22:18:27.096 [TestNG-tests-1] driver.manager.listeners.DriverEventListener - Found element with locator By.xpath: //body/main[1]/section[1]/div[1]/div[2]/section[1]/section[1]/section[1]/form[1]/section[1]/div[2]/div[1]/select[1]
[INFO ] 2022-02-14 22:18:27.096 [TestNG-tests-1] driver.manager.listeners.DriverEventListener - Trying to find element with locator By.xpath: .//option[@value = "1"]
[INFO ] 2022-02-14 22:18:27.113 [TestNG-tests-1] driver.manager.listeners.DriverEventListener - Found element with locator By.xpath: .//option[@value = "1"]
[INFO ] 2022-02-14 22:18:27.129 [TestNG-tests-1] driver.manager.listeners.DriverEventListener - Trying to click on element with tag name: option
[INFO ] 2022-02-14 22:18:27.153 [TestNG-tests-1] driver.manager.listeners.DriverEventListener - Clicked on element
[INFO ] 2022-02-14 22:18:27.153 [TestNG-tests-1] Uzytkownik.page.objects.ValidationContactForm - Wybieram Opcje 'Webmaster'
[INFO ] 2022-02-14 22:18:27.153 [TestNG-tests-1] driver.manager.listeners.DriverEventListener - Trying to find element with locator By.xpath: //*[@id="content"]/section/form/section/div[3]/div/input
[INFO ] 2022-02-14 22:18:27.166 [TestNG-tests-1] driver.manager.listeners.DriverEventListener - Found element with locator By.xpath: //*[@id="content"]/section/form/section/div[3]/div/input
[INFO ] 2022-02-14 22:18:27.184 [TestNG-tests-1] driver.manager.listeners.DriverEventListener - Trying to enter empty string or clear element: input
[INFO ] 2022-02-14 22:18:27.239 [TestNG-tests-2] driver.manager.listeners.DriverEventListener - Clicked on element
[INFO ] 2022-02-14 22:18:27.239 [TestNG-tests-2] Uzytkownik.page.objects.UserLogin - Kliknięcie przycisku 'ZALOGUJ SIĘ'
[INFO ] 2022-02-14 22:18:27.240 [TestNG-tests-1] driver.manager.listeners.DriverEventListener - Entered empty string or cleared element: input
[INFO ] 2022-02-14 22:18:27.240 [TestNG-tests-1] driver.manager.listeners.DriverEventListener - Trying to find element with locator By.xpath: //*[@id="content"]/section/form/section/div[3]/div/input
[INFO ] 2022-02-14 22:18:27.240 [TestNG-tests-2] driver.manager.listeners.DriverEventListener - Trying to find element with locator By.xpath: /html/body/main/header/nav/div/div/div[1]/div[1]/div/div/a
[INFO ] 2022-02-14 22:18:27.254 [TestNG-tests-1] driver.manager.listeners.DriverEventListener - Found element with locator By.xpath: //*[@id="content"]/section/form/section/div[3]/div/input
[INFO ] 2022-02-14 22:18:27.257 [TestNG-tests-2] driver.manager.listeners.DriverEventListener - Found element with locator By.xpath: /html/body/main/header/nav/div/div/div[1]/div[1]/div/div/a
[INFO ] 2022-02-14 22:18:27.257 [TestNG-tests-3] driver.manager.listeners.DriverEventListener - Clicked on element
[INFO ] 2022-02-14 22:18:27.257 [TestNG-tests-3] Uzytkownik.page.objects.UserRegistration - Zaznaczenie przycisku 'Zapisz' 
[INFO ] 2022-02-14 22:18:27.258 [TestNG-tests-3] driver.manager.listeners.DriverEventListener - Trying to find element with locator By.xpath: //*[@id="_desktop_user_info"]/div/a[1]
[INFO ] 2022-02-14 22:18:27.271 [TestNG-tests-1] driver.manager.listeners.DriverEventListener - Trying to type into element: input text [Ireneusz297@gamil.com]
[INFO ] 2022-02-14 22:18:27.278 [TestNG-tests-2] driver.manager.listeners.DriverEventListener - Trying to click on element with tag name: a
[INFO ] 2022-02-14 22:18:27.280 [TestNG-tests-3] driver.manager.listeners.DriverEventListener - Found element with locator By.xpath: //*[@id="_desktop_user_info"]/div/a[1]
[INFO ] 2022-02-14 22:18:27.288 [TestNG-tests-3] driver.manager.listeners.DriverEventListener - Trying to click on element with tag name: a
[INFO ] 2022-02-14 22:18:27.334 [TestNG-tests-1] driver.manager.listeners.DriverEventListener - Typed into element: input text [Ireneusz297@gamil.com]
[INFO ] 2022-02-14 22:18:27.334 [TestNG-tests-1] Uzytkownik.page.objects.ValidationContactForm - Wpisujemy w pole  'E-mail'
[INFO ] 2022-02-14 22:18:27.334 [TestNG-tests-1] driver.manager.listeners.DriverEventListener - Trying to find element with locator By.xpath: //*[@id="content"]/section/form/section/div[5]/div/textarea
[INFO ] 2022-02-14 22:18:27.348 [TestNG-tests-1] driver.manager.listeners.DriverEventListener - Found element with locator By.xpath: //*[@id="content"]/section/form/section/div[5]/div/textarea
[...]
[INFO ] 2022-02-14 22:19:40.077 [TestNG-tests-3] driver.manager.listeners.DriverEventListener - Trying to type into element: input text [Jan]
[INFO ] 2022-02-14 22:19:40.089 [TestNG-tests-3] driver.manager.listeners.DriverEventListener - Typed into element: input text [Jan]
[INFO ] 2022-02-14 22:19:40.089 [TestNG-tests-3] Uzytkownik.page.objects.PurchaseAndRegistrationDuringPurchase - Wpisujemy Imię
[INFO ] 2022-02-14 22:19:40.089 [TestNG-tests-3] driver.manager.listeners.DriverEventListener - Trying to find element with locator By.xpath: //*[@id="delivery-address"]/div/section/div[3]/div[1]/input
[INFO ] 2022-02-14 22:19:40.095 [TestNG-tests-3] driver.manager.listeners.DriverEventListener - Found element with locator By.xpath: //*[@id="delivery-address"]/div/section/div[3]/div[1]/input
[INFO ] 2022-02-14 22:19:40.100 [TestNG-tests-3] driver.manager.listeners.DriverEventListener - Trying to enter empty string or clear element: input
[INFO ] 2022-02-14 22:19:40.117 [TestNG-tests-3] driver.manager.listeners.DriverEventListener - Entered empty string or cleared element: input
[INFO ] 2022-02-14 22:19:40.117 [TestNG-tests-3] driver.manager.listeners.DriverEventListener - Trying to find element with locator By.xpath: //*[@id="delivery-address"]/div/section/div[3]/div[1]/input
[INFO ] 2022-02-14 22:19:40.124 [TestNG-tests-3] driver.manager.listeners.DriverEventListener - Found element with locator By.xpath: //*[@id="delivery-address"]/div/section/div[3]/div[1]/input
[INFO ] 2022-02-14 22:19:40.130 [TestNG-tests-3] driver.manager.listeners.DriverEventListener - Trying to type into element: input text [Kowalski]
[INFO ] 2022-02-14 22:19:40.145 [TestNG-tests-3] driver.manager.listeners.DriverEventListener - Typed into element: input text [Kowalski]
[INFO ] 2022-02-14 22:19:40.145 [TestNG-tests-3] Uzytkownik.page.objects.PurchaseAndRegistrationDuringPurchase - Wpisujemy Nazwisko
[INFO ] 2022-02-14 22:19:40.145 [TestNG-tests-3] driver.manager.listeners.DriverEventListener - Trying to find element with locator By.xpath: //*[@id="delivery-address"]/div/section/div[4]/div[1]/input
[INFO ] 2022-02-14 22:19:40.150 [TestNG-tests-3] driver.manager.listeners.DriverEventListener - Found element with locator By.xpath: //*[@id="delivery-address"]/div/section/div[4]/div[1]/input
[INFO ] 2022-02-14 22:19:40.154 [TestNG-tests-3] driver.manager.listeners.DriverEventListener - Trying to enter empty string or clear element: input
[INFO ] 2022-02-14 22:19:40.162 [TestNG-tests-3] driver.manager.listeners.DriverEventListener - Entered empty string or cleared element: input
[INFO ] 2022-02-14 22:19:40.162 [TestNG-tests-3] driver.manager.listeners.DriverEventListener - Trying to find element with locator By.xpath: //*[@id="delivery-address"]/div/section/div[4]/div[1]/input
[INFO ] 2022-02-14 22:19:40.167 [TestNG-tests-3] driver.manager.listeners.DriverEventListener - Found element with locator By.xpath: //*[@id="delivery-address"]/div/section/div[4]/div[1]/input
[INFO ] 2022-02-14 22:19:40.171 [TestNG-tests-3] driver.manager.listeners.DriverEventListener - Trying to type into element: input text [Rc-cloud]
[INFO ] 2022-02-14 22:19:40.190 [TestNG-tests-3] driver.manager.listeners.DriverEventListener - Typed into element: input text [Rc-cloud]
[INFO ] 2022-02-14 22:19:40.190 [TestNG-tests-3] Uzytkownik.page.objects.PurchaseAndRegistrationDuringPurchase - Wpisujemy nazwe firmy
[INFO ] 2022-02-14 22:19:40.190 [TestNG-tests-3] driver.manager.listeners.DriverEventListener - Trying to find element with locator By.xpath: //*[@id="delivery-address"]/div/section/div[5]/div[1]/input
[INFO ] 2022-02-14 22:19:40.200 [TestNG-tests-3] driver.manager.listeners.DriverEventListener - Found element with locator By.xpath: //*[@id="delivery-address"]/div/section/div[5]/div[1]/input
[INFO ] 2022-02-14 22:19:40.205 [TestNG-tests-3] driver.manager.listeners.DriverEventListener - Trying to enter empty string or clear element: input
[INFO ] 2022-02-14 22:19:40.218 [TestNG-tests-3] driver.manager.listeners.DriverEventListener - Entered empty string or cleared element: input
[INFO ] 2022-02-14 22:19:40.218 [TestNG-tests-3] driver.manager.listeners.DriverEventListener - Trying to find element with locator By.xpath: //*[@id="delivery-address"]/div/section/div[5]/div[1]/input
[INFO ] 2022-02-14 22:19:40.226 [TestNG-tests-3] driver.manager.listeners.DriverEventListener - Found element with locator By.xpath: //*[@id="delivery-address"]/div/section/div[5]/div[1]/input
[INFO ] 2022-02-14 22:19:40.232 [TestNG-tests-3] driver.manager.listeners.DriverEventListener - Trying to type into element: input text [123456789]
[INFO ] 2022-02-14 22:19:40.252 [TestNG-tests-3] driver.manager.listeners.DriverEventListener - Typed into element: input text [123456789]
[INFO ] 2022-02-14 22:19:40.252 [TestNG-tests-3] Uzytkownik.page.objects.PurchaseAndRegistrationDuringPurchase - Wpisujemy NIP
[INFO ] 2022-02-14 22:19:40.252 [TestNG-tests-3] driver.manager.listeners.DriverEventListener - Trying to find element with locator By.xpath: //*[@id="delivery-address"]/div/section/div[6]/div[1]/input
[INFO ] 2022-02-14 22:19:40.262 [TestNG-tests-3] driver.manager.listeners.DriverEventListener - Found element with locator By.xpath: //*[@id="delivery-address"]/div/section/div[6]/div[1]/input
[INFO ] 2022-02-14 22:19:40.267 [TestNG-tests-3] driver.manager.listeners.DriverEventListener - Trying to enter empty string or clear element: input
[INFO ] 2022-02-14 22:19:40.283 [TestNG-tests-3] driver.manager.listeners.DriverEventListener - Entered empty string or cleared element: input
[INFO ] 2022-02-14 22:19:40.283 [TestNG-tests-3] driver.manager.listeners.DriverEventListener - Trying to find element with locator By.xpath: //*[@id="delivery-address"]/div/section/div[6]/div[1]/input
[INFO ] 2022-02-14 22:19:40.292 [TestNG-tests-3] driver.manager.listeners.DriverEventListener - Found element with locator By.xpath: //*[@id="delivery-address"]/div/section/div[6]/div[1]/input
[INFO ] 2022-02-14 22:19:40.297 [TestNG-tests-3] driver.manager.listeners.DriverEventListener - Trying to type into element: input text [Kalisz]
[INFO ] 2022-02-14 22:19:40.311 [TestNG-tests-3] driver.manager.listeners.DriverEventListener - Typed into element: input text [Kalisz]
[INFO ] 2022-02-14 22:19:40.311 [TestNG-tests-3] Uzytkownik.page.objects.PurchaseAndRegistrationDuringPurchase - Wpisujemy Adres
[INFO ] 2022-02-14 22:19:40.311 [TestNG-tests-3] driver.manager.listeners.DriverEventListener - Trying to find element with locator By.xpath: //*[@id="delivery-address"]/div/section/div[7]/div[1]/input
[INFO ] 2022-02-14 22:19:40.317 [TestNG-tests-3] driver.manager.listeners.DriverEventListener - Found element with locator By.xpath: //*[@id="delivery-address"]/div/section/div[7]/div[1]/input
[INFO ] 2022-02-14 22:19:40.321 [TestNG-tests-3] driver.manager.listeners.DriverEventListener - Trying to enter empty string or clear element: input
[INFO ] 2022-02-14 22:19:40.330 [TestNG-tests-3] driver.manager.listeners.DriverEventListener - Entered empty string or cleared element: input
[INFO ] 2022-02-14 22:19:40.330 [TestNG-tests-3] driver.manager.listeners.DriverEventListener - Trying to find element with locator By.xpath: //*[@id="delivery-address"]/div/section/div[7]/div[1]/input
[INFO ] 2022-02-14 22:19:40.334 [TestNG-tests-3] driver.manager.listeners.DriverEventListener - Found element with locator By.xpath: //*[@id="delivery-address"]/div/section/div[7]/div[1]/input
[INFO ] 2022-02-14 22:19:40.338 [TestNG-tests-3] driver.manager.listeners.DriverEventListener - Trying to type into element: input text [ul.Sienkiweicza 3/4a]
[INFO ] 2022-02-14 22:19:40.364 [TestNG-tests-3] driver.manager.listeners.DriverEventListener - Typed into element: input text [ul.Sienkiweicza 3/4a]
[INFO ] 2022-02-14 22:19:40.364 [TestNG-tests-3] Uzytkownik.page.objects.PurchaseAndRegistrationDuringPurchase - Wpisujemy uzupełnienie adresu
[INFO ] 2022-02-14 22:19:40.364 [TestNG-tests-3] driver.manager.listeners.DriverEventListener - Trying to find element with locator By.xpath: //*[@id="delivery-address"]/div/section/div[8]/div[1]/input
[INFO ] 2022-02-14 22:19:40.373 [TestNG-tests-3] driver.manager.listeners.DriverEventListener - Found element with locator By.xpath: //*[@id="delivery-address"]/div/section/div[8]/div[1]/input
[INFO ] 2022-02-14 22:19:40.378 [TestNG-tests-3] driver.manager.listeners.DriverEventListener - Trying to enter empty string or clear element: input
[INFO ] 2022-02-14 22:19:40.390 [TestNG-tests-3] driver.manager.listeners.DriverEventListener - Entered empty string or cleared element: input
[INFO ] 2022-02-14 22:19:40.390 [TestNG-tests-3] driver.manager.listeners.DriverEventListener - Trying to find element with locator By.xpath: //*[@id="delivery-address"]/div/section/div[8]/div[1]/input
[INFO ] 2022-02-14 22:19:40.395 [TestNG-tests-3] driver.manager.listeners.DriverEventListener - Found element with locator By.xpath: //*[@id="delivery-address"]/div/section/div[8]/div[1]/input
[INFO ] 2022-02-14 22:19:40.402 [TestNG-tests-3] driver.manager.listeners.DriverEventListener - Trying to type into element: input text [62-800]
[INFO ] 2022-02-14 22:19:40.420 [TestNG-tests-3] driver.manager.listeners.DriverEventListener - Typed into element: input text [62-800]
[INFO ] 2022-02-14 22:19:40.420 [TestNG-tests-3] Uzytkownik.page.objects.PurchaseAndRegistrationDuringPurchase - Wpisujemy kod pocztowy
[INFO ] 2022-02-14 22:19:40.420 [TestNG-tests-3] driver.manager.listeners.DriverEventListener - Trying to find element with locator By.xpath: //*[@id="delivery-address"]/div/section/div[9]/div[1]/input
[INFO ] 2022-02-14 22:19:40.424 [TestNG-tests-3] driver.manager.listeners.DriverEventListener - Found element with locator By.xpath: //*[@id="delivery-address"]/div/section/div[9]/div[1]/input
[INFO ] 2022-02-14 22:19:40.430 [TestNG-tests-3] driver.manager.listeners.DriverEventListener - Trying to enter empty string or clear element: input
[INFO ] 2022-02-14 22:19:40.445 [TestNG-tests-3] driver.manager.listeners.DriverEventListener - Entered empty string or cleared element: input
[INFO ] 2022-02-14 22:19:40.445 [TestNG-tests-3] driver.manager.listeners.DriverEventListener - Trying to find element with locator By.xpath: //*[@id="delivery-address"]/div/section/div[9]/div[1]/input
[INFO ] 2022-02-14 22:19:40.456 [TestNG-tests-3] driver.manager.listeners.DriverEventListener - Found element with locator By.xpath: //*[@id="delivery-address"]/div/section/div[9]/div[1]/input
[INFO ] 2022-02-14 22:19:40.460 [TestNG-tests-3] driver.manager.listeners.DriverEventListener - Trying to type into element: input text [Kalisz]
[INFO ] 2022-02-14 22:19:40.473 [TestNG-tests-3] driver.manager.listeners.DriverEventListener - Typed into element: input text [Kalisz]
[INFO ] 2022-02-14 22:19:40.473 [TestNG-tests-3] Uzytkownik.page.objects.PurchaseAndRegistrationDuringPurchase - Wpisujemy miasto
[INFO ] 2022-02-14 22:19:40.473 [TestNG-tests-3] driver.manager.listeners.DriverEventListener - Trying to find element with locator By.xpath: //*[@id="delivery-address"]/div/section/div[10]/div[1]/select
[INFO ] 2022-02-14 22:19:40.478 [TestNG-tests-3] driver.manager.listeners.DriverEventListener - Found element with locator By.xpath: //*[@id="delivery-address"]/div/section/div[10]/div[1]/select
[INFO ] 2022-02-14 22:19:40.481 [TestNG-tests-3] driver.manager.listeners.DriverEventListener - Trying to find element with locator By.xpath: //*[@id="delivery-address"]/div/section/div[10]/div[1]/select
[INFO ] 2022-02-14 22:19:40.485 [TestNG-tests-3] driver.manager.listeners.DriverEventListener - Found element with locator By.xpath: //*[@id="delivery-address"]/div/section/div[10]/div[1]/select
[INFO ] 2022-02-14 22:19:40.490 [TestNG-tests-3] driver.manager.listeners.DriverEventListener - Trying to find element with locator By.xpath: //*[@id="delivery-address"]/div/section/div[10]/div[1]/select
[INFO ] 2022-02-14 22:19:40.494 [TestNG-tests-3] driver.manager.listeners.DriverEventListener - Found element with locator By.xpath: //*[@id="delivery-address"]/div/section/div[10]/div[1]/select
[INFO ] 2022-02-14 22:19:40.512 [TestNG-tests-3] driver.manager.listeners.DriverEventListener - Trying to find element with locator By.xpath: //*[@id="delivery-address"]/div/section/div[10]/div[1]/select
[INFO ] 2022-02-14 22:19:40.519 [TestNG-tests-3] driver.manager.listeners.DriverEventListener - Found element with locator By.xpath: //*[@id="delivery-address"]/div/section/div[10]/div[1]/select
[INFO ] 2022-02-14 22:19:40.519 [TestNG-tests-3] driver.manager.listeners.DriverEventListener - Trying to find element with locator By.xpath: .//option[@value = "14"]
[INFO ] 2022-02-14 22:19:40.529 [TestNG-tests-3] driver.manager.listeners.DriverEventListener - Found element with locator By.xpath: .//option[@value = "14"]
[INFO ] 2022-02-14 22:19:40.536 [TestNG-tests-3] Uzytkownik.page.objects.PurchaseAndRegistrationDuringPurchase - Wybieramy kraj 'Polska'
[INFO ] 2022-02-14 22:19:40.536 [TestNG-tests-3] driver.manager.listeners.DriverEventListener - Trying to find element with locator By.xpath: //*[@id="delivery-address"]/div/section/div[11]/div[1]/input
[INFO ] 2022-02-14 22:19:40.540 [TestNG-tests-3] driver.manager.listeners.DriverEventListener - Found element with locator By.xpath: //*[@id="delivery-address"]/div/section/div[11]/div[1]/input
[INFO ] 2022-02-14 22:19:40.544 [TestNG-tests-3] driver.manager.listeners.DriverEventListener - Trying to enter empty string or clear element: input
[INFO ] 2022-02-14 22:19:40.552 [TestNG-tests-3] driver.manager.listeners.DriverEventListener - Entered empty string or cleared element: input
[INFO ] 2022-02-14 22:19:40.552 [TestNG-tests-3] driver.manager.listeners.DriverEventListener - Trying to find element with locator By.xpath: //*[@id="delivery-address"]/div/section/div[11]/div[1]/input
[INFO ] 2022-02-14 22:19:40.557 [TestNG-tests-3] driver.manager.listeners.DriverEventListener - Found element with locator By.xpath: //*[@id="delivery-address"]/div/section/div[11]/div[1]/input
[INFO ] 2022-02-14 22:19:40.560 [TestNG-tests-3] driver.manager.listeners.DriverEventListener - Trying to type into element: input text [503412012]
[INFO ] 2022-02-14 22:19:40.583 [TestNG-tests-3] driver.manager.listeners.DriverEventListener - Typed into element: input text [503412012]
[INFO ] 2022-02-14 22:19:40.583 [TestNG-tests-3] Uzytkownik.page.objects.PurchaseAndRegistrationDuringPurchase - Wpisujemy numer telefonu
[INFO ] 2022-02-14 22:19:40.583 [TestNG-tests-3] driver.manager.listeners.DriverEventListener - Trying to find element with locator By.xpath: //*[@id="delivery-address"]/div/footer/button
[INFO ] 2022-02-14 22:19:40.590 [TestNG-tests-3] driver.manager.listeners.DriverEventListener - Found element with locator By.xpath: //*[@id="delivery-address"]/div/footer/button
[INFO ] 2022-02-14 22:19:40.597 [TestNG-tests-3] driver.manager.listeners.DriverEventListener - Trying to click on element with tag name: button
[INFO ] 2022-02-14 22:19:40.821 [TestNG-tests-3] driver.manager.listeners.DriverEventListener - Clicked on element
[INFO ] 2022-02-14 22:19:40.821 [TestNG-tests-3] Uzytkownik.page.objects.PurchaseAndRegistrationDuringPurchase - Klikamy w przycisk 'Dalej'
[INFO ] 2022-02-14 22:19:40.821 [TestNG-tests-3] driver.manager.listeners.DriverEventListener - Trying to find element with locator By.xpath: //textarea[@id='delivery_message']
[INFO ] 2022-02-14 22:19:40.835 [TestNG-tests-3] driver.manager.listeners.DriverEventListener - Found element with locator By.xpath: //textarea[@id='delivery_message']
[INFO ] 2022-02-14 22:19:40.842 [TestNG-tests-3] driver.manager.listeners.DriverEventListener - Trying to enter empty string or clear element: textarea
[INFO ] 2022-02-14 22:19:40.852 [TestNG-tests-3] driver.manager.listeners.DriverEventListener - Entered empty string or cleared element: textarea
[INFO ] 2022-02-14 22:19:40.852 [TestNG-tests-3] driver.manager.listeners.DriverEventListener - Trying to find element with locator By.xpath: //textarea[@id='delivery_message']
[INFO ] 2022-02-14 22:19:40.858 [TestNG-tests-3] driver.manager.listeners.DriverEventListener - Found element with locator By.xpath: //textarea[@id='delivery_message']
[INFO ] 2022-02-14 22:19:40.862 [TestNG-tests-3] driver.manager.listeners.DriverEventListener - Trying to type into element: textarea text [Komentarz do zamówienia]
[INFO ] 2022-02-14 22:19:40.892 [TestNG-tests-3] driver.manager.listeners.DriverEventListener - Typed into element: textarea text [Komentarz do zamówienia]
[INFO ] 2022-02-14 22:19:40.892 [TestNG-tests-3] Uzytkownik.page.objects.PurchaseAndRegistrationDuringPurchase - Wpisujemy komentarz pod sposobem dostawy
[INFO ] 2022-02-14 22:19:40.892 [TestNG-tests-3] driver.manager.listeners.DriverEventListener - Trying to find element with locator By.xpath: //*[@id="js-delivery"]/button
[INFO ] 2022-02-14 22:19:40.897 [TestNG-tests-3] driver.manager.listeners.DriverEventListener - Found element with locator By.xpath: //*[@id="js-delivery"]/button
[INFO ] 2022-02-14 22:19:40.901 [TestNG-tests-3] driver.manager.listeners.DriverEventListener - Trying to click on element with tag name: button
[INFO ] 2022-02-14 22:19:41.109 [TestNG-tests-3] driver.manager.listeners.DriverEventListener - Clicked on element
[INFO ] 2022-02-14 22:19:41.109 [TestNG-tests-3] Uzytkownik.page.objects.PurchaseAndRegistrationDuringPurchase - Klikamy w przycisk 'Dalej'
[INFO ] 2022-02-14 22:19:41.109 [TestNG-tests-3] driver.manager.listeners.DriverEventListener - Trying to find element with locator By.xpath: //*[@id="payment-option-1"]
[INFO ] 2022-02-14 22:19:41.127 [TestNG-tests-3] driver.manager.listeners.DriverEventListener - Found element with locator By.xpath: //*[@id="payment-option-1"]
[INFO ] 2022-02-14 22:19:41.136 [TestNG-tests-3] driver.manager.listeners.DriverEventListener - Trying to click on element with tag name: input
[INFO ] 2022-02-14 22:19:41.353 [TestNG-tests-3] driver.manager.listeners.DriverEventListener - Clicked on element
[INFO ] 2022-02-14 22:19:41.353 [TestNG-tests-3] Uzytkownik.page.objects.PurchaseAndRegistrationDuringPurchase - Klikamy 'Zapłać czekiem'
[INFO ] 2022-02-14 22:19:41.353 [TestNG-tests-3] driver.manager.listeners.DriverEventListener - Trying to find element with locator By.xpath: //*[@id="conditions_to_approve[terms-and-conditions]"]
[INFO ] 2022-02-14 22:19:41.358 [TestNG-tests-3] driver.manager.listeners.DriverEventListener - Found element with locator By.xpath: //*[@id="conditions_to_approve[terms-and-conditions]"]
[INFO ] 2022-02-14 22:19:41.362 [TestNG-tests-3] driver.manager.listeners.DriverEventListener - Trying to click on element with tag name: input
[INFO ] 2022-02-14 22:19:41.577 [TestNG-tests-3] driver.manager.listeners.DriverEventListener - Clicked on element
[INFO ] 2022-02-14 22:19:41.577 [TestNG-tests-3] Uzytkownik.page.objects.PurchaseAndRegistrationDuringPurchase - Klikamy w przycisk 'Zgadzam się z ..'
[INFO ] 2022-02-14 22:19:41.577 [TestNG-tests-3] driver.manager.listeners.DriverEventListener - Trying to find element with locator By.xpath: //*[@id="payment-confirmation"]/div[1]/button
[INFO ] 2022-02-14 22:19:41.581 [TestNG-tests-3] driver.manager.listeners.DriverEventListener - Found element with locator By.xpath: //*[@id="payment-confirmation"]/div[1]/button
[INFO ] 2022-02-14 22:19:41.586 [TestNG-tests-3] driver.manager.listeners.DriverEventListener - Trying to click on element with tag name: button
[INFO ] 2022-02-14 22:19:42.675 [TestNG-tests-3] driver.manager.listeners.DriverEventListener - Clicked on element
[INFO ] 2022-02-14 22:19:42.675 [TestNG-tests-3] Uzytkownik.page.objects.PurchaseAndRegistrationDuringPurchase - Klikamy w przycisk 'Złóż zamówienie'
[INFO ] 2022-02-14 22:19:42.675 [TestNG-tests-3] Uzytkownik.utils.testng.listeners.TestListener - Test Test passed successfully
]]></system-out>
  </testcase>
</testsuite>