<?xml version="1.0" encoding="UTF-8"?>
<testng-results skipped="0" failed="0" ignored="0" total="2" passed="2">
  <reporter-output>
  </reporter-output>
  <suite name="prestashop" duration-ms="107937" started-at="2022-02-14T22:17:55 CET" finished-at="2022-02-14T22:19:43 CET">
    <groups>
    </groups>
    <test name="Testowanie funkcjonalnośći użytkownika_CHROME" duration-ms="102313" started-at="2022-02-14T22:17:55 CET" finished-at="2022-02-14T22:19:37 CET">
      <class name="Uzytkownik.tests.AllTests">
        <test-method status="PASS" signature="beforeClass()[pri:0, instance:Uzytkownik.tests.AllTests@4867ab9f]" name="beforeClass" is-config="true" duration-ms="50" started-at="2022-02-14T22:17:55 CET" finished-at="2022-02-14T22:17:55 CET">
          <reporter-output>
          </reporter-output>
        </test-method> <!-- beforeClass -->
        <test-method status="PASS" signature="beforeTest(driver.manager.BrowserType)[pri:0, instance:Uzytkownik.tests.AllTests@4867ab9f]" name="beforeTest" is-config="true" duration-ms="10383" started-at="2022-02-14T22:17:55 CET" finished-at="2022-02-14T22:18:05 CET">
          <params>
            <param index="0">
              <value>
                <![CDATA[CHROME]]>
              </value>
            </param>
          </params>
          <reporter-output>
          </reporter-output>
        </test-method> <!-- beforeTest -->
        <test-method status="PASS" signature="Test(java.lang.String, java.lang.String, java.lang.String, java.lang.String, java.lang.String)[pri:0, instance:Uzytkownik.tests.AllTests@4867ab9f]" name="Test" duration-ms="91660" started-at="2022-02-14T22:18:05 CET" finished-at="2022-02-14T22:19:37 CET">
          <params>
            <param index="0">
              <value>
                <![CDATA[test]]>
              </value>
            </param>
            <param index="1">
              <value>
                <![CDATA[test]]>
              </value>
            </param>
            <param index="2">
              <value>
                <![CDATA[test]]>
              </value>
            </param>
            <param index="3">
              <value>
                <![CDATA[haslo1234]]>
              </value>
            </param>
            <param index="4">
              <value>
                <![CDATA[CHROME]]>
              </value>
            </param>
          </params>
          <reporter-output>
          </reporter-output>
        </test-method> <!-- Test -->
        <test-method status="PASS" signature="afterTest()[pri:0, instance:Uzytkownik.tests.AllTests@4867ab9f]" name="afterTest" is-config="true" duration-ms="92" started-at="2022-02-14T22:19:37 CET" finished-at="2022-02-14T22:19:37 CET">
          <reporter-output>
          </reporter-output>
        </test-method> <!-- afterTest -->
      </class> <!-- Uzytkownik.tests.AllTests -->
    </test> <!-- Testowanie funkcjonalnośći użytkownika_CHROME -->
    <test name="Testowanie funkcjonalnośći użytkownika_FIREFOX" duration-ms="107937" started-at="2022-02-14T22:17:55 CET" finished-at="2022-02-14T22:19:43 CET">
      <class name="Uzytkownik.tests.AllTests">
        <test-method status="PASS" signature="beforeClass()[pri:0, instance:Uzytkownik.tests.AllTests@81b5db0]" name="beforeClass" is-config="true" duration-ms="50" started-at="2022-02-14T22:17:55 CET" finished-at="2022-02-14T22:17:55 CET">
          <reporter-output>
          </reporter-output>
        </test-method> <!-- beforeClass -->
        <test-method status="PASS" signature="beforeTest(driver.manager.BrowserType)[pri:0, instance:Uzytkownik.tests.AllTests@81b5db0]" name="beforeTest" is-config="true" duration-ms="12604" started-at="2022-02-14T22:17:55 CET" finished-at="2022-02-14T22:18:07 CET">
          <params>
            <param index="0">
              <value>
                <![CDATA[FIREFOX]]>
              </value>
            </param>
          </params>
          <reporter-output>
          </reporter-output>
        </test-method> <!-- beforeTest -->
        <test-method status="PASS" signature="Test(java.lang.String, java.lang.String, java.lang.String, java.lang.String, java.lang.String)[pri:0, instance:Uzytkownik.tests.AllTests@81b5db0]" name="Test" duration-ms="94867" started-at="2022-02-14T22:18:07 CET" finished-at="2022-02-14T22:19:42 CET">
          <params>
            <param index="0">
              <value>
                <![CDATA[test]]>
              </value>
            </param>
            <param index="1">
              <value>
                <![CDATA[test]]>
              </value>
            </param>
            <param index="2">
              <value>
                <![CDATA[test]]>
              </value>
            </param>
            <param index="3">
              <value>
                <![CDATA[haslo1234]]>
              </value>
            </param>
            <param index="4">
              <value>
                <![CDATA[FIREFOX]]>
              </value>
            </param>
          </params>
          <reporter-output>
          </reporter-output>
        </test-method> <!-- Test -->
        <test-method status="PASS" signature="afterTest()[pri:0, instance:Uzytkownik.tests.AllTests@81b5db0]" name="afterTest" is-config="true" duration-ms="375" started-at="2022-02-14T22:19:42 CET" finished-at="2022-02-14T22:19:43 CET">
          <reporter-output>
          </reporter-output>
        </test-method> <!-- afterTest -->
      </class> <!-- Uzytkownik.tests.AllTests -->
    </test> <!-- Testowanie funkcjonalnośći użytkownika_FIREFOX -->
  </suite> <!-- prestashop -->
</testng-results>
