<?xml version="1.0" encoding="UTF-8"?>
<!-- Generated by org.testng.reporters.JUnitXMLReporter -->
<testsuite hostname="DESKTOP-SJPBECC" ignored="0" name="Testowanie funkcjonalnośći użytkownika_CHROME" tests="2" failures="1" timestamp="2022-02-14T22:19:37 CET" time="102.313" errors="0">
  <testcase name="Test" time="55.688" classname="Uzytkownik.tests.AllTests">
    <failure type="org.openqa.selenium.NoSuchElementException" message="no such element: Unable to locate element: {&amp;quot;method&amp;quot;:&amp;quot;xpath&amp;quot;,&amp;quot;selector&amp;quot;:&amp;quot;//*[@id=&amp;quot;delivery-address&amp;quot;]/div/section/div[1]/div[1]/input&amp;quot;}
  (Session info: MicrosoftEdge=96.0.1054.62)
For documentation on this error, please visit: https://selenium.dev/exceptions/#no_such_element
Build info: version: &amp;apos;4.1.0&amp;apos;, revision: &amp;apos;87802e897b&amp;apos;
System info: host: &amp;apos;DESKTOP-SJPBECC&amp;apos;, ip: &amp;apos;192.168.1.20&amp;apos;, os.name: &amp;apos;Windows 10&amp;apos;, os.arch: &amp;apos;amd64&amp;apos;, os.version: &amp;apos;10.0&amp;apos;, java.version: &amp;apos;1.8.0_231&amp;apos;
Driver info: org.openqa.selenium.remote.RemoteWebDriver
Command: [6e24f313cdaa665aac31b59a97854f78, findElement {using=xpath, value=//*[@id=&amp;quot;delivery-address&amp;quot;]/div/section/div[1]/div[1]/input}]
Capabilities {acceptInsecureCerts: false, browserName: msedge, browserVersion: 96.0.1054.62, javascriptEnabled: true, ms:edgeOptions: {debuggerAddress: localhost:34149}, msedge: {msedgedriverVersion: 96.0.1054.62 (f97cb2ce0103f..., userDataDir: /tmp/.com.microsoft.Edge.ZI...}, networkConnectionEnabled: false, pageLoadStrategy: normal, platform: LINUX, platformName: LINUX, proxy: Proxy(), se:cdp: ws://172.18.0.4:4444/sessio..., se:cdpVersion: 96.0.1054.62, se:vnc: ws://172.18.0.4:4444/sessio..., se:vncEnabled: true, se:vncLocalAddress: ws://172.18.0.4:7900, setWindowRect: true, strictFileInteractability: false, timeouts: {implicit: 0, pageLoad: 300000, script: 30000}, unhandledPromptBehavior: dismiss and notify, webauthn:extension:credBlob: true, webauthn:extension:largeBlob: true, webauthn:virtualAuthenticators: true}
Session ID: 6e24f313cdaa665aac31b59a97854f78">
      <![CDATA[org.openqa.selenium.NoSuchElementException: no such element: Unable to locate element: {"method":"xpath","selector":"//*[@id="delivery-address"]/div/section/div[1]/div[1]/input"}
  (Session info: MicrosoftEdge=96.0.1054.62)
For documentation on this error, please visit: https://selenium.dev/exceptions/#no_such_element
Build info: version: '4.1.0', revision: '87802e897b'
System info: host: 'DESKTOP-SJPBECC', ip: '192.168.1.20', os.name: 'Windows 10', os.arch: 'amd64', os.version: '10.0', java.version: '1.8.0_231'
Driver info: org.openqa.selenium.remote.RemoteWebDriver
Command: [6e24f313cdaa665aac31b59a97854f78, findElement {using=xpath, value=//*[@id="delivery-address"]/div/section/div[1]/div[1]/input}]
Capabilities {acceptInsecureCerts: false, browserName: msedge, browserVersion: 96.0.1054.62, javascriptEnabled: true, ms:edgeOptions: {debuggerAddress: localhost:34149}, msedge: {msedgedriverVersion: 96.0.1054.62 (f97cb2ce0103f..., userDataDir: /tmp/.com.microsoft.Edge.ZI...}, networkConnectionEnabled: false, pageLoadStrategy: normal, platform: LINUX, platformName: LINUX, proxy: Proxy(), se:cdp: ws://172.18.0.4:4444/sessio..., se:cdpVersion: 96.0.1054.62, se:vnc: ws://172.18.0.4:4444/sessio..., se:vncEnabled: true, se:vncLocalAddress: ws://172.18.0.4:7900, setWindowRect: true, strictFileInteractability: false, timeouts: {implicit: 0, pageLoad: 300000, script: 30000}, unhandledPromptBehavior: dismiss and notify, webauthn:extension:credBlob: true, webauthn:extension:largeBlob: true, webauthn:virtualAuthenticators: true}
Session ID: 6e24f313cdaa665aac31b59a97854f78
at org.openqa.selenium.remote.codec.w3c.W3CHttpResponseCodec.createException(W3CHttpResponseCodec.java:200)
at org.openqa.selenium.remote.codec.w3c.W3CHttpResponseCodec.decode(W3CHttpResponseCodec.java:133)
at org.openqa.selenium.remote.codec.w3c.W3CHttpResponseCodec.decode(W3CHttpResponseCodec.java:53)
at org.openqa.selenium.remote.HttpCommandExecutor.execute(HttpCommandExecutor.java:184)
at org.openqa.selenium.remote.TracedCommandExecutor.execute(TracedCommandExecutor.java:50)
at org.openqa.selenium.remote.RemoteWebDriver.execute(RemoteWebDriver.java:559)
at org.openqa.selenium.remote.ElementLocation$ElementFinder$2.findElement(ElementLocation.java:162)
at org.openqa.selenium.remote.ElementLocation.findElement(ElementLocation.java:60)
at org.openqa.selenium.remote.RemoteWebDriver.findElement(RemoteWebDriver.java:383)
at org.openqa.selenium.remote.RemoteWebDriver.findElement(RemoteWebDriver.java:375)
at org.openqa.selenium.support.events.EventFiringWebDriver.lambda$new$1(EventFiringWebDriver.java:115)
at com.sun.proxy.$Proxy31.findElement(Unknown Source)
at org.openqa.selenium.support.events.EventFiringWebDriver.findElement(EventFiringWebDriver.java:204)
at org.openqa.selenium.support.pagefactory.DefaultElementLocator.findElement(DefaultElementLocator.java:70)
at org.openqa.selenium.support.pagefactory.internal.LocatingElementHandler.invoke(LocatingElementHandler.java:39)
at com.sun.proxy.$Proxy40.clear(Unknown Source)
at Uzytkownik.page.objects.PurchaseAsAGuest.ProductPurchaseAsGuest(PurchaseAsAGuest.java:106)
at Uzytkownik.tests.AllTests.Test(AllTests.java:51)
at java.util.ArrayList.forEach(ArrayList.java:1257)
at java.util.concurrent.FutureTask.run(FutureTask.java:266)
at java.util.concurrent.ThreadPoolExecutor.runWorker(ThreadPoolExecutor.java:1149)
at java.util.concurrent.ThreadPoolExecutor$Worker.run(ThreadPoolExecutor.java:624)
at java.lang.Thread.run(Thread.java:748)
... Removed 25 stack frames]]>
    </failure>
  </testcase> <!-- Test -->
  <testcase name="Test" time="91.66" classname="Uzytkownik.tests.AllTests"/>
</testsuite> <!-- Testowanie funkcjonalnośći użytkownika_CHROME -->
