<?xml version="1.0" encoding="UTF-8"?>
<!-- Generated by org.testng.reporters.JUnitXMLReporter -->
<testsuite ignored="0" hostname="MBP-Szymon" failures="0" tests="3" name="Testowanie funkcjonalnośći użytkownika_CHROME" time="146.369" errors="0" timestamp="2021-04-15T18:21:07 CEST">
  <testcase classname="Uzytkownik.tests.AllTests" name="Test" time="126.88"/>
  <testcase classname="Uzytkownik.tests.AllTests" name="Test" time="130.75"/>
  <testcase classname="Uzytkownik.tests.AllTests" name="Test" time="136.615"/>
</testsuite> <!-- Testowanie funkcjonalnośći użytkownika_CHROME -->
